2021-12-06 11:29:15.733457456 +0700 +07 m=+0.001391368: Mon, 06 Dec 2021 11:29:15 +07: Server has started sucessfully.

2021-12-06 11:29:34.446306637 +0700 +07 m=+18.714240545: Mon, 06 Dec 2021 11:29:34 +07: Server is terminated.

Mon, 06 Dec 2021 11:33:06 +07: Mon, 06 Dec 2021 11:33:06 +07: Server has started sucessfully.
Mon, 06 Dec 2021 11:33:26 +07: Mon, 06 Dec 2021 11:33:26 +07: Server is terminated.
Mon, 06 Dec 2021 11:54:24 +07: Mon, 06 Dec 2021 11:54:24 +07: Server has started sucessfully.
Tue, 07 Dec 2021 18:01:03 +07: Tue, 07 Dec 2021 18:01:03 +07: Server has started sucessfully.
Tue, 07 Dec 2021 19:28:28 +07: Tue, 07 Dec 2021 19:28:28 +07: Server is terminated.
Wed, 08 Dec 2021 10:58:07 +07: Wed, 08 Dec 2021 10:58:07 +07: Server has started sucessfully.
Wed, 08 Dec 2021 10:58:15 +07: Wed, 08 Dec 2021 10:58:15 +07: Server has started sucessfully.
Wed, 08 Dec 2021 11:01:23 +07: Wed, 08 Dec 2021 11:01:23 +07: Server is terminated.
Wed, 08 Dec 2021 11:25:11 +07: Wed, 08 Dec 2021 11:25:11 +07: Server has started sucessfully.
Wed, 08 Dec 2021 11:43:37 +07: Wed, 08 Dec 2021 11:43:37 +07: Server is terminated.
Wed, 08 Dec 2021 16:03:37 +07: Wed, 08 Dec 2021 16:03:37 +07: Server has started sucessfully.
Wed, 08 Dec 2021 16:09:27 +07: Wed, 08 Dec 2021 16:09:27 +07: Server is terminated.
Wed, 08 Dec 2021 17:01:41 +07: Wed, 08 Dec 2021 17:01:41 +07: Server has started sucessfully.
Wed, 08 Dec 2021 17:02:44 +07: Wed, 08 Dec 2021 17:02:44 +07: Server is terminated.
Wed, 08 Dec 2021 17:28:26 +07: Wed, 08 Dec 2021 17:28:26 +07: Server has started sucessfully.
Wed, 08 Dec 2021 17:28:39 +07: Wed, 08 Dec 2021 17:28:39 +07: Server is terminated.
Wed, 08 Dec 2021 18:26:16 +07: Wed, 08 Dec 2021 18:26:16 +07: Server has started sucessfully.
Wed, 08 Dec 2021 18:55:44 +07: Wed, 08 Dec 2021 18:55:44 +07: Server is terminated.
Wed, 08 Dec 2021 18:56:47 +07: Wed, 08 Dec 2021 18:56:47 +07: Server has started sucessfully.
Wed, 08 Dec 2021 19:02:13 +07: Wed, 08 Dec 2021 19:02:13 +07: Server is terminated.
Wed, 08 Dec 2021 22:22:06 +07: Wed, 08 Dec 2021 22:22:06 +07: Server has started sucessfully.
Wed, 08 Dec 2021 22:30:10 +07: Wed, 08 Dec 2021 22:30:10 +07: Server is terminated.
Wed, 08 Dec 2021 22:30:17 +07: Wed, 08 Dec 2021 22:30:17 +07: Server has started sucessfully.
Wed, 08 Dec 2021 22:32:20 +07: Wed, 08 Dec 2021 22:32:20 +07: Server is terminated.
Wed, 08 Dec 2021 22:33:57 +07: Wed, 08 Dec 2021 22:33:57 +07: Server has started sucessfully.
Wed, 08 Dec 2021 22:36:20 +07: Wed, 08 Dec 2021 22:36:20 +07: Server is terminated.
Wed, 08 Dec 2021 22:44:18 +07: Wed, 08 Dec 2021 22:44:18 +07: Server has started sucessfully.
Wed, 08 Dec 2021 22:46:08 +07: Wed, 08 Dec 2021 22:46:08 +07: Server is terminated.
Wed, 08 Dec 2021 23:00:34 +07: Wed, 08 Dec 2021 23:00:34 +07: Server has started sucessfully.
Wed, 08 Dec 2021 23:03:18 +07: Wed, 08 Dec 2021 23:03:18 +07: Server is terminated.
