5,1,Oct 20 20:23:28,ubuntu,anydesk[20423]:, Failed to load module "canberra-gtk-module"
3,5,Oct 20 20:23:28,ubuntu,rsyslogd:, omfwd: TCPSendBuf error -2027, destruct TCP Connection to 192.168.163.1:514 [v8.2001.0 try https://www.rsyslog.com/e/2027 ]
4,5,Oct 20 20:23:28,ubuntu,rsyslogd:, action 'action-7-builtin:omfwd' suspended (module 'builtin:omfwd'), retry 0. There should be messages before this one giving the reason for suspension. [v8.2001.0 try https://www.rsyslog.com/e/2007 ]
6,5,Oct 20 20:23:28,ubuntu,rsyslogd:, action 'action-7-builtin:omfwd' resumed (module 'builtin:omfwd') [v8.2001.0 try https://www.rsyslog.com/e/2359 ]
4,1,Oct 20 20:23:28,ubuntu,anydesk[20423]:, IA__gtk_widget_set_tooltip_markup: assertion 'GTK_IS_WIDGET (widget)' failed
4,1,Oct 20 20:23:28,ubuntu,anydesk[20423]:, IA__gtk_widget_set_tooltip_markup: assertion 'GTK_IS_WIDGET (widget)' failed
4,1,Oct 20 20:23:28,ubuntu,anydesk[20423]:, IA__gtk_signal_connect_full: assertion 'GTK_IS_OBJECT (object)' failed
4,1,Oct 20 20:23:28,ubuntu,anydesk[20423]:, IA__gtk_signal_connect_full: assertion 'GTK_IS_OBJECT (object)' failed
6,3,Oct 20 20:23:31,ubuntu,systemd[2325]:, gnome-launched-anydesk.desktop-20423.scope: Succeeded.
6,10,Oct 20 20:23:31,ubuntu,su:, pam_unix(su:session): session closed for user root
6,3,Oct 20 20:23:31,ubuntu,systemd[2325]:, vte-spawn-055a907c-cd94-4a2a-b30a-d3d71bea0856.scope: Succeeded.
6,3,Oct 20 20:23:32,ubuntu,systemd[2325]:, gnome-terminal-server.service: Succeeded.
6,3,Oct 20 20:23:32,ubuntu,systemd[2325]:, Started Application launched by gsd-media-keys.
6,3,Oct 20 20:23:32,ubuntu,dbus-daemon[2340]:, [session uid=1000 pid=2340] Activating via systemd: service name='org.gnome.Terminal' unit='gnome-terminal-server.service' requested by ':1.108' (uid=1000 pid=20446 comm="/usr/bin/gnome-terminal.real " label="unconfined")
6,3,Oct 20 20:23:33,ubuntu,systemd[2325]:, Starting GNOME Terminal Server...
6,3,Oct 20 20:23:33,ubuntu,dbus-daemon[2340]:, [session uid=1000 pid=2340] Successfully activated service 'org.gnome.Terminal'
6,3,Oct 20 20:23:33,ubuntu,systemd[2325]:, Started GNOME Terminal Server.
6,3,Oct 20 20:23:33,ubuntu,systemd[2325]:, Started VTE child process 20457 launched by gnome-terminal-server process 20449.
6,3,Oct 20 20:23:33,ubuntu,systemd[2325]:, gnome-launched-x-terminal-emulator-20443.scope: Succeeded.
5,10,Oct 20 20:23:34,ubuntu,su:, pam_unix(su:auth): Couldn't open /etc/securetty: No such file or directory
5,10,Oct 20 20:23:36,ubuntu,su:, pam_unix(su:auth): Couldn't open /etc/securetty: No such file or directory
5,4,Oct 20 20:23:36,ubuntu,su:, (to root) wintltr on pts/0
6,10,Oct 20 20:23:36,ubuntu,su:, pam_unix(su:session): session opened for user root by (uid=1000)
6,0,Oct 20 20:23:38,ubuntu,kernel:, [27715.068609] INFO: NMI handler (perf_event_nmi_handler) took too long to run: 1.269 msecs
6,0,Oct 20 20:23:38,ubuntu,kernel:, [27715.069573] perf: interrupt took too long (18211 > 15465), lowering kernel.perf_event_max_sample_rate to 10750
6,0,Oct 20 20:23:40,ubuntu,kernel:, [27716.742784] INFO: NMI handler (perf_event_nmi_handler) took too long to run: 4.061 msecs
6,0,Oct 20 20:23:40,ubuntu,kernel:, [27716.742787] perf: interrupt took too long (26081 > 22763), lowering kernel.perf_event_max_sample_rate to 7500
4,1,Oct 20 20:23:40,ubuntu,/usr/lib/gdm3/gdm-x-session[2443, (II) event2  - VirtualPS/2 VMware VMMouse: SYN_DROPPED event - some input events have been lost.
6,10,Oct 20 20:23:40,ubuntu,su:, pam_unix(su:session): session closed for user root
6,3,Oct 20 20:23:40,ubuntu,systemd[2325]:, vte-spawn-46298461-8492-4b38-b3cf-abdbf82cc5dd.scope: Succeeded.
6,3,Oct 20 20:23:41,ubuntu,systemd[2325]:, gnome-terminal-server.service: Succeeded.
4,1,Oct 20 20:23:53,ubuntu,gnome-shell[2611]:, ../clutter/clutter/clutter-actor.c:10558: The clutter_actor_set_allocation() function can only be called from within the implementation of the ClutterActor::allocate() virtual function.
6,3,Oct 20 20:23:55,ubuntu,systemd[2325]:, Started Application launched by gnome-shell.
6,1,Oct 20 20:23:57,ubuntu,thunderbird.desktop[20471]:, [calBackendLoader] Using Thunderbird's libical backend
6,1,Oct 20 20:23:58,ubuntu,thunderbird.desktop[20471]:, console.debug: "Successfully loaded OpenPGP library librnp.so version 0.14+git20210121.7c8492b4.MZLA from /usr/lib/thunderbird/librnp.so"
6,1,Oct 20 20:23:58,ubuntu,thunderbird.desktop[20471]:, console.debug: "Found 0 public keys and 0 secret keys (0 protected, 0 unprotected)"
6,1,Oct 20 20:23:58,ubuntu,thunderbird.desktop[20471]:, console.debug: "Successfully loaded optional OpenPGP library libgpgme.so.11 from system's standard library locations"
6,1,Oct 20 20:23:58,ubuntu,thunderbird.desktop[20471]:, console.debug: "gpgme version: 1.13.1-unknown"
4,1,Oct 20 20:23:58,ubuntu,gnome-shell[2611]:, ../clutter/clutter/clutter-actor.c:10558: The clutter_actor_set_allocation() function can only be called from within the implementation of the ClutterActor::allocate() virtual function.
6,1,Oct 20 20:23:59,ubuntu,thunderbird.desktop[20471]:, console.warn: Lightning: Warning:  Using guessed timezone
6,1,Oct 20 20:23:59,ubuntu,thunderbird.desktop[20471]:,   Asia/Ho_Chi_Minh (UTC+0700).
6,1,Oct 20 20:23:59,ubuntu,thunderbird.desktop[20471]:, This ZoneInfo timezone seems to match the operating system timezone this year.
6,1,Oct 20 20:23:59,ubuntu,thunderbird.desktop[20471]:, This ZoneInfo timezone was chosen based on the operating system timezone
6,1,Oct 20 20:23:59,ubuntu,thunderbird.desktop[20471]:, identifier "/etc/localtime -> /usr/share/zoneinfo/Asia/Ho_Chi_Minh".
6,3,Oct 20 20:23:59,ubuntu,dbus-daemon[2340]:, [session uid=1000 pid=2340] Activating via systemd: service name='org.gnome.Terminal' unit='gnome-terminal-server.service' requested by ':1.112' (uid=1000 pid=20532 comm="/usr/bin/gnome-terminal.real " label="unconfined")
6,3,Oct 20 20:23:59,ubuntu,systemd[2325]:, Starting GNOME Terminal Server...
6,3,Oct 20 20:24:00,ubuntu,dbus-daemon[2340]:, [session uid=1000 pid=2340] Successfully activated service 'org.gnome.Terminal'
6,3,Oct 20 20:24:00,ubuntu,systemd[2325]:, Started GNOME Terminal Server.
6,3,Oct 20 20:24:00,ubuntu,systemd[2325]:, Started VTE child process 20544 launched by gnome-terminal-server process 20535.
6,1,Oct 20 20:24:00,ubuntu,thunderbird.desktop[20471]:, console.debug: "Trying to load /usr/lib/thunderbird/libotr.so.5"
6,1,Oct 20 20:24:00,ubuntu,thunderbird.desktop[20471]:, console.debug: "Trying to load libotr.so.5 from system's standard library locations"
6,1,Oct 20 20:24:00,ubuntu,thunderbird.desktop[20471]:, console.debug: "Trying to load libotr.so from system's standard library locations"
6,1,Oct 20 20:24:00,ubuntu,thunderbird.desktop[20471]:, console.log: (new Error("Cannot load required OTR library", "resource:///modules/OTRLib.jsm", 91))
6,3,Oct 20 20:24:04,ubuntu,dbus-daemon[925]:, [system] Activating via systemd: service name='org.freedesktop.hostname1' unit='dbus-org.freedesktop.hostname1.service' requested by ':1.235' (uid=1000 pid=20561 comm="nautilus " label="unconfined")
6,3,Oct 20 20:24:04,ubuntu,systemd[1]:, Starting Hostname Service...
6,3,Oct 20 20:24:04,ubuntu,dbus-daemon[925]:, [system] Successfully activated service 'org.freedesktop.hostname1'
6,3,Oct 20 20:24:04,ubuntu,systemd[1]:, Started Hostname Service.
6,3,Oct 20 20:24:09,ubuntu,systemd[2325]:, vte-spawn-0d28fad3-15ea-42f5-974d-fe63338f0878.scope: Succeeded.
6,3,Oct 20 20:24:09,ubuntu,systemd[2325]:, gnome-terminal-server.service: Succeeded.
6,1,Oct 20 20:24:10,ubuntu,thunderbird.desktop[20471]:, console.debug: "mPlatform is: linux"
6,1,Oct 20 20:24:10,ubuntu,thunderbird.desktop[20471]:, console.debug: "Checking for ical data"
6,3,Oct 20 20:24:11,ubuntu,systemd[2325]:, gnome-launched-thunderbird.desktop-20471.scope: Succeeded.
6,3,Oct 20 20:24:34,ubuntu,systemd[1]:, systemd-hostnamed.service: Succeeded.
6,3,Oct 20 20:25:29,ubuntu,NetworkManager[930]:, <info>  [1634736329.8027] dhcp4 (ens33): option dhcp_lease_time      => '1800'
6,3,Oct 20 20:25:29,ubuntu,NetworkManager[930]:, <info>  [1634736329.8028] dhcp4 (ens33): option domain_name          => 'localdomain'
6,3,Oct 20 20:25:29,ubuntu,NetworkManager[930]:, <info>  [1634736329.8028] dhcp4 (ens33): option domain_name_servers  => '192.168.163.2'
6,3,Oct 20 20:25:29,ubuntu,NetworkManager[930]:, <info>  [1634736329.8028] dhcp4 (ens33): option expiry               => '1634738129'
6,3,Oct 20 20:25:29,ubuntu,NetworkManager[930]:, <info>  [1634736329.8028] dhcp4 (ens33): option ip_address           => '192.168.163.139'
6,3,Oct 20 20:25:29,ubuntu,NetworkManager[930]:, <info>  [1634736329.8028] dhcp4 (ens33): option next_server          => '192.168.163.254'
6,3,Oct 20 20:25:29,ubuntu,NetworkManager[930]:, <info>  [1634736329.8028] dhcp4 (ens33): option requested_broadcast_address => '1'
6,3,Oct 20 20:25:29,ubuntu,NetworkManager[930]:, <info>  [1634736329.8028] dhcp4 (ens33): option requested_domain_name => '1'
6,3,Oct 20 20:25:29,ubuntu,NetworkManager[930]:, <info>  [1634736329.8028] dhcp4 (ens33): option requested_domain_name_servers => '1'
6,3,Oct 20 20:25:29,ubuntu,NetworkManager[930]:, <info>  [1634736329.8028] dhcp4 (ens33): option requested_domain_search => '1'
6,3,Oct 20 20:25:29,ubuntu,NetworkManager[930]:, <info>  [1634736329.8028] dhcp4 (ens33): option requested_host_name  => '1'
6,3,Oct 20 20:25:29,ubuntu,NetworkManager[930]:, <info>  [1634736329.8028] dhcp4 (ens33): option requested_interface_mtu => '1'
6,3,Oct 20 20:25:29,ubuntu,NetworkManager[930]:, <info>  [1634736329.8028] dhcp4 (ens33): option requested_ms_classless_static_routes => '1'
6,3,Oct 20 20:25:29,ubuntu,NetworkManager[930]:, <info>  [1634736329.8028] dhcp4 (ens33): option requested_nis_domain => '1'
6,3,Oct 20 20:25:29,ubuntu,NetworkManager[930]:, <info>  [1634736329.8028] dhcp4 (ens33): option requested_nis_servers => '1'
6,3,Oct 20 20:25:29,ubuntu,NetworkManager[930]:, <info>  [1634736329.8029] dhcp4 (ens33): option requested_ntp_servers => '1'
6,3,Oct 20 20:25:29,ubuntu,NetworkManager[930]:, <info>  [1634736329.8029] dhcp4 (ens33): option requested_rfc3442_classless_static_routes => '1'
6,3,Oct 20 20:25:29,ubuntu,NetworkManager[930]:, <info>  [1634736329.8029] dhcp4 (ens33): option requested_root_path  => '1'
6,3,Oct 20 20:25:29,ubuntu,NetworkManager[930]:, <info>  [1634736329.8029] dhcp4 (ens33): option requested_routers    => '1'
6,3,Oct 20 20:25:29,ubuntu,NetworkManager[930]:, <info>  [1634736329.8029] dhcp4 (ens33): option requested_static_routes => '1'
6,3,Oct 20 20:25:29,ubuntu,NetworkManager[930]:, <info>  [1634736329.8029] dhcp4 (ens33): option requested_subnet_mask => '1'
6,3,Oct 20 20:25:29,ubuntu,NetworkManager[930]:, <info>  [1634736329.8029] dhcp4 (ens33): option requested_time_offset => '1'
6,3,Oct 20 20:25:29,ubuntu,NetworkManager[930]:, <info>  [1634736329.8029] dhcp4 (ens33): option requested_wpad       => '1'
6,3,Oct 20 20:25:29,ubuntu,NetworkManager[930]:, <info>  [1634736329.8029] dhcp4 (ens33): option routers              => '192.168.163.2'
6,3,Oct 20 20:25:29,ubuntu,NetworkManager[930]:, <info>  [1634736329.8029] dhcp4 (ens33): option subnet_mask          => '255.255.255.0'
6,3,Oct 20 20:25:29,ubuntu,NetworkManager[930]:, <info>  [1634736329.8029] dhcp4 (ens33): state changed extended -> extended
6,3,Oct 20 20:25:29,ubuntu,dbus-daemon[925]:, [system] Activating via systemd: service name='org.freedesktop.nm_dispatcher' unit='dbus-org.freedesktop.nm-dispatcher.service' requested by ':1.11' (uid=0 pid=930 comm="/usr/sbin/NetworkManager --no-daemon " label="unconfined")
6,3,Oct 20 20:25:29,ubuntu,systemd[1]:, Starting Network Manager Script Dispatcher Service...
6,3,Oct 20 20:25:29,ubuntu,dbus-daemon[925]:, [system] Successfully activated service 'org.freedesktop.nm_dispatcher'
6,3,Oct 20 20:25:29,ubuntu,systemd[1]:, Started Network Manager Script Dispatcher Service.
6,3,Oct 20 20:25:40,ubuntu,systemd[1]:, NetworkManager-dispatcher.service: Succeeded.
6,10,Oct 20 20:30:01,ubuntu,CRON[20615]:, pam_unix(cron:session): session opened for user root by (uid=0)
6,9,Oct 20 20:30:01,ubuntu,CRON[20616]:, (root) CMD ([ -x /etc/init.d/anacron ] && if [ ! -d /run/systemd/system ]; then /usr/sbin/invoke-rc.d anacron start >/dev/null; fi)
6,10,Oct 20 20:30:01,ubuntu,CRON[20615]:, pam_unix(cron:session): session closed for user root
6,3,Oct 20 20:30:35,ubuntu,systemd[1]:, Started Run anacron jobs.
5,9,Oct 20 20:30:35,ubuntu,anacron[20618]:, Anacron 2.3 started on 2021-10-20
5,9,Oct 20 20:30:35,ubuntu,anacron[20618]:, Normal exit (0 jobs run)
6,3,Oct 20 20:30:35,ubuntu,systemd[1]:, anacron.service: Succeeded.
6,0,Oct 20 20:32:43,ubuntu,kernel:, [28260.368285] e1000: ens33 NIC Link is Down
6,3,Oct 20 20:32:49,ubuntu,NetworkManager[930]:, <info>  [1634736769.5948] device (ens33): state change: activated -> unavailable (reason 'carrier-changed', sys-iface-state: 'managed')
6,3,Oct 20 20:32:49,ubuntu,NetworkManager[930]:, <info>  [1634736769.5950] dhcp4 (ens33): canceled DHCP transaction
6,3,Oct 20 20:32:49,ubuntu,NetworkManager[930]:, <info>  [1634736769.5950] dhcp4 (ens33): state changed extended -> done
6,3,Oct 20 20:32:49,ubuntu,avahi-daemon[920]:, Withdrawing address record for 192.168.163.139 on ens33.
6,3,Oct 20 20:32:49,ubuntu,avahi-daemon[920]:, Leaving mDNS multicast group on interface ens33.IPv4 with address 192.168.163.139.
6,3,Oct 20 20:32:49,ubuntu,avahi-daemon[920]:, Interface ens33.IPv4 no longer relevant for mDNS.
6,3,Oct 20 20:32:49,ubuntu,avahi-daemon[920]:, Withdrawing address record for fe80::9fbc:3c6a:8ed1:d3f1 on ens33.
6,3,Oct 20 20:32:49,ubuntu,avahi-daemon[920]:, Leaving mDNS multicast group on interface ens33.IPv6 with address fe80::9fbc:3c6a:8ed1:d3f1.
6,3,Oct 20 20:32:49,ubuntu,avahi-daemon[920]:, Interface ens33.IPv6 no longer relevant for mDNS.
6,3,Oct 20 20:32:49,ubuntu,NetworkManager[930]:, <info>  [1634736769.6083] manager: NetworkManager state is now DISCONNECTED
6,3,Oct 20 20:32:49,ubuntu,whoopsie[1314]:, [20:32:49] offline
6,3,Oct 20 20:32:49,ubuntu,dbus-daemon[925]:, [system] Activating via systemd: service name='org.freedesktop.nm_dispatcher' unit='dbus-org.freedesktop.nm-dispatcher.service' requested by ':1.11' (uid=0 pid=930 comm="/usr/sbin/NetworkManager --no-daemon " label="unconfined")
6,3,Oct 20 20:32:49,ubuntu,systemd[1]:, Starting Network Manager Script Dispatcher Service...
6,0,Oct 20 20:32:49,ubuntu,kernel:, [28266.416658] e1000: ens33 NIC Link is Up 1000 Mbps Full Duplex, Flow Control: None
6,3,Oct 20 20:32:49,ubuntu,NetworkManager[930]:, <info>  [1634736769.6334] device (ens33): carrier: link connected
6,3,Oct 20 20:32:49,ubuntu,NetworkManager[930]:, <info>  [1634736769.6344] device (ens33): state change: unavailable -> disconnected (reason 'carrier-changed', sys-iface-state: 'managed')
6,3,Oct 20 20:32:49,ubuntu,NetworkManager[930]:, <info>  [1634736769.6431] policy: auto-activating connection 'Wired connection 1' (5e0f796d-94d1-3286-9128-c0640f25872c)
6,3,Oct 20 20:32:49,ubuntu,NetworkManager[930]:, <info>  [1634736769.6467] device (ens33): Activation: starting connection 'Wired connection 1' (5e0f796d-94d1-3286-9128-c0640f25872c)
6,3,Oct 20 20:32:49,ubuntu,NetworkManager[930]:, <info>  [1634736769.6493] device (ens33): state change: disconnected -> prepare (reason 'none', sys-iface-state: 'managed')
6,3,Oct 20 20:32:49,ubuntu,NetworkManager[930]:, <info>  [1634736769.6505] manager: NetworkManager state is now CONNECTING
6,3,Oct 20 20:32:49,ubuntu,NetworkManager[930]:, <info>  [1634736769.6524] device (ens33): state change: prepare -> config (reason 'none', sys-iface-state: 'managed')
6,3,Oct 20 20:32:49,ubuntu,NetworkManager[930]:, <info>  [1634736769.6549] device (ens33): state change: config -> ip-config (reason 'none', sys-iface-state: 'managed')
6,3,Oct 20 20:32:49,ubuntu,NetworkManager[930]:, <info>  [1634736769.6611] dhcp4 (ens33): activation: beginning transaction (timeout in 45 seconds)
6,3,Oct 20 20:32:49,ubuntu,dbus-daemon[925]:, [system] Successfully activated service 'org.freedesktop.nm_dispatcher'
6,3,Oct 20 20:32:49,ubuntu,systemd[1]:, Started Network Manager Script Dispatcher Service.
6,3,Oct 20 20:32:49,ubuntu,avahi-daemon[920]:, Joining mDNS multicast group on interface ens33.IPv6 with address fe80::9fbc:3c6a:8ed1:d3f1.
6,3,Oct 20 20:32:49,ubuntu,avahi-daemon[920]:, New relevant interface ens33.IPv6 for mDNS.
6,3,Oct 20 20:32:49,ubuntu,avahi-daemon[920]:, Registering new address record for fe80::9fbc:3c6a:8ed1:d3f1 on ens33.*.
6,3,Oct 20 20:32:49,ubuntu,nm-dispatcher[20631]:, run-parts: failed to stat component /etc/network/if-post-down.d/avahi-daemon: No such file or directory
6,3,Oct 20 20:32:49,ubuntu,NetworkManager[930]:, <info>  [1634736769.6871] dhcp4 (ens33): option dhcp_lease_time      => '1800'
6,3,Oct 20 20:32:49,ubuntu,NetworkManager[930]:, <info>  [1634736769.6871] dhcp4 (ens33): option domain_name          => 'localdomain'
6,3,Oct 20 20:32:49,ubuntu,NetworkManager[930]:, <info>  [1634736769.6871] dhcp4 (ens33): option domain_name_servers  => '192.168.163.2'
6,3,Oct 20 20:32:49,ubuntu,NetworkManager[930]:, <info>  [1634736769.6871] dhcp4 (ens33): option expiry               => '1634738569'
6,3,Oct 20 20:32:49,ubuntu,NetworkManager[930]:, <info>  [1634736769.6871] dhcp4 (ens33): option ip_address           => '192.168.163.139'
6,3,Oct 20 20:32:49,ubuntu,NetworkManager[930]:, <info>  [1634736769.6871] dhcp4 (ens33): option next_server          => '192.168.163.254'
6,3,Oct 20 20:32:49,ubuntu,NetworkManager[930]:, <info>  [1634736769.6872] dhcp4 (ens33): option requested_broadcast_address => '1'
6,3,Oct 20 20:32:49,ubuntu,NetworkManager[930]:, <info>  [1634736769.6872] dhcp4 (ens33): option requested_domain_name => '1'
6,3,Oct 20 20:32:49,ubuntu,NetworkManager[930]:, <info>  [1634736769.6872] dhcp4 (ens33): option requested_domain_name_servers => '1'
6,3,Oct 20 20:32:49,ubuntu,NetworkManager[930]:, <info>  [1634736769.6872] dhcp4 (ens33): option requested_domain_search => '1'
6,3,Oct 20 20:32:49,ubuntu,NetworkManager[930]:, <info>  [1634736769.6872] dhcp4 (ens33): option requested_host_name  => '1'
6,3,Oct 20 20:32:49,ubuntu,NetworkManager[930]:, <info>  [1634736769.6872] dhcp4 (ens33): option requested_interface_mtu => '1'
6,3,Oct 20 20:32:49,ubuntu,NetworkManager[930]:, <info>  [1634736769.6872] dhcp4 (ens33): option requested_ms_classless_static_routes => '1'
6,3,Oct 20 20:32:49,ubuntu,NetworkManager[930]:, <info>  [1634736769.6872] dhcp4 (ens33): option requested_nis_domain => '1'
6,3,Oct 20 20:32:49,ubuntu,NetworkManager[930]:, <info>  [1634736769.6872] dhcp4 (ens33): option requested_nis_servers => '1'
6,3,Oct 20 20:32:49,ubuntu,NetworkManager[930]:, <info>  [1634736769.6872] dhcp4 (ens33): option requested_ntp_servers => '1'
6,3,Oct 20 20:32:49,ubuntu,NetworkManager[930]:, <info>  [1634736769.6872] dhcp4 (ens33): option requested_rfc3442_classless_static_routes => '1'
6,3,Oct 20 20:32:49,ubuntu,NetworkManager[930]:, <info>  [1634736769.6872] dhcp4 (ens33): option requested_root_path  => '1'
6,3,Oct 20 20:32:49,ubuntu,NetworkManager[930]:, <info>  [1634736769.6872] dhcp4 (ens33): option requested_routers    => '1'
6,3,Oct 20 20:32:49,ubuntu,avahi-daemon[920]:, Joining mDNS multicast group on interface ens33.IPv4 with address 192.168.163.139.
6,3,Oct 20 20:32:49,ubuntu,NetworkManager[930]:, <info>  [1634736769.6872] dhcp4 (ens33): option requested_static_routes => '1'
6,3,Oct 20 20:32:49,ubuntu,NetworkManager[930]:, <info>  [1634736769.6872] dhcp4 (ens33): option requested_subnet_mask => '1'
6,3,Oct 20 20:32:49,ubuntu,NetworkManager[930]:, <info>  [1634736769.6872] dhcp4 (ens33): option requested_time_offset => '1'
6,3,Oct 20 20:32:49,ubuntu,NetworkManager[930]:, <info>  [1634736769.6873] dhcp4 (ens33): option requested_wpad       => '1'
6,3,Oct 20 20:32:49,ubuntu,NetworkManager[930]:, <info>  [1634736769.6873] dhcp4 (ens33): option routers              => '192.168.163.2'
6,3,Oct 20 20:32:49,ubuntu,NetworkManager[930]:, <info>  [1634736769.6873] dhcp4 (ens33): option subnet_mask          => '255.255.255.0'
6,3,Oct 20 20:32:49,ubuntu,NetworkManager[930]:, <info>  [1634736769.6873] dhcp4 (ens33): state changed unknown -> bound
6,3,Oct 20 20:32:49,ubuntu,avahi-daemon[920]:, New relevant interface ens33.IPv4 for mDNS.
6,3,Oct 20 20:32:49,ubuntu,whoopsie[1314]:, [20:32:49] Cannot reach: https://daisy.ubuntu.com
6,3,Oct 20 20:32:49,ubuntu,NetworkManager[930]:, <info>  [1634736769.6932] device (ens33): state change: ip-config -> ip-check (reason 'none', sys-iface-state: 'managed')
6,3,Oct 20 20:32:49,ubuntu,avahi-daemon[920]:, Registering new address record for 192.168.163.139 on ens33.IPv4.
6,3,Oct 20 20:32:49,ubuntu,NetworkManager[930]:, <info>  [1634736769.6979] device (ens33): state change: ip-check -> secondaries (reason 'none', sys-iface-state: 'managed')
6,3,Oct 20 20:32:49,ubuntu,NetworkManager[930]:, <info>  [1634736769.6987] device (ens33): state change: secondaries -> activated (reason 'none', sys-iface-state: 'managed')
6,3,Oct 20 20:32:49,ubuntu,NetworkManager[930]:, <info>  [1634736769.7001] manager: NetworkManager state is now CONNECTED_LOCAL
6,3,Oct 20 20:32:49,ubuntu,NetworkManager[930]:, <info>  [1634736769.7083] manager: NetworkManager state is now CONNECTED_SITE
6,3,Oct 20 20:32:49,ubuntu,NetworkManager[930]:, <info>  [1634736769.7094] policy: set 'Wired connection 1' (ens33) as default for IPv4 routing and DNS
6,3,Oct 20 20:32:49,ubuntu,NetworkManager[930]:, <info>  [1634736769.7172] device (ens33): Activation: successful, device activated.
6,3,Oct 20 20:32:49,ubuntu,nm-dispatcher[20651]:, postconf: fatal: open /etc/postfix/main.cf: No such file or directory
4,3,Oct 20 20:32:49,ubuntu,systemd-resolved[871]:, Using degraded feature set (UDP) for DNS server 192.168.163.2.
6,3,Oct 20 20:32:50,ubuntu,NetworkManager[930]:, <info>  [1634736770.1796] manager: NetworkManager state is now CONNECTED_GLOBAL
6,3,Oct 20 20:32:50,ubuntu,whoopsie[1314]:, [20:32:50] The default IPv4 route is: /org/freedesktop/NetworkManager/ActiveConnection/4
6,3,Oct 20 20:32:50,ubuntu,whoopsie[1314]:, [20:32:50] Not a paid data plan: /org/freedesktop/NetworkManager/ActiveConnection/4
6,3,Oct 20 20:32:50,ubuntu,whoopsie[1314]:, [20:32:50] Found usable connection: /org/freedesktop/NetworkManager/ActiveConnection/4
6,3,Oct 20 20:32:50,ubuntu,nm-dispatcher[20661]:, postconf: fatal: open /etc/postfix/main.cf: No such file or directory
6,3,Oct 20 20:32:52,ubuntu,whoopsie[1314]:, [20:32:52] online
6,3,Oct 20 20:33:02,ubuntu,systemd[1]:, NetworkManager-dispatcher.service: Succeeded.
6,0,Oct 20 20:40:25,ubuntu,kernel:, [28722.029671] e1000: ens33 NIC Link is Down
6,3,Oct 20 20:40:29,ubuntu,NetworkManager[930]:, <info>  [1634737229.2772] device (ens33): carrier: link connected
6,0,Oct 20 20:40:29,ubuntu,kernel:, [28726.061910] e1000: ens33 NIC Link is Up 1000 Mbps Full Duplex, Flow Control: None
6,3,Oct 20 20:40:29,ubuntu,NetworkManager[930]:, <info>  [1634737229.2793] device (ens33): DHCPv4 lease renewal requested
6,3,Oct 20 20:40:29,ubuntu,NetworkManager[930]:, <info>  [1634737229.2992] dhcp4 (ens33): canceled DHCP transaction
6,3,Oct 20 20:40:29,ubuntu,NetworkManager[930]:, <info>  [1634737229.2993] dhcp4 (ens33): state changed bound -> done
6,3,Oct 20 20:40:29,ubuntu,NetworkManager[930]:, <info>  [1634737229.3004] dhcp4 (ens33): activation: beginning transaction (timeout in 45 seconds)
6,3,Oct 20 20:40:29,ubuntu,NetworkManager[930]:, <info>  [1634737229.3076] dhcp4 (ens33): option dhcp_lease_time      => '1800'
6,3,Oct 20 20:40:29,ubuntu,NetworkManager[930]:, <info>  [1634737229.3079] dhcp4 (ens33): option domain_name          => 'localdomain'
6,3,Oct 20 20:40:29,ubuntu,NetworkManager[930]:, <info>  [1634737229.3081] dhcp4 (ens33): option domain_name_servers  => '192.168.163.2'
6,3,Oct 20 20:40:29,ubuntu,NetworkManager[930]:, <info>  [1634737229.3083] dhcp4 (ens33): option expiry               => '1634739029'
6,3,Oct 20 20:40:29,ubuntu,NetworkManager[930]:, <info>  [1634737229.3085] dhcp4 (ens33): option ip_address           => '192.168.163.139'
6,3,Oct 20 20:40:29,ubuntu,NetworkManager[930]:, <info>  [1634737229.3087] dhcp4 (ens33): option next_server          => '192.168.163.254'
6,3,Oct 20 20:40:29,ubuntu,NetworkManager[930]:, <info>  [1634737229.3089] dhcp4 (ens33): option requested_broadcast_address => '1'
6,3,Oct 20 20:40:29,ubuntu,NetworkManager[930]:, <info>  [1634737229.3091] dhcp4 (ens33): option requested_domain_name => '1'
6,3,Oct 20 20:40:29,ubuntu,NetworkManager[930]:, <info>  [1634737229.3094] dhcp4 (ens33): option requested_domain_name_servers => '1'
6,3,Oct 20 20:40:29,ubuntu,NetworkManager[930]:, <info>  [1634737229.3096] dhcp4 (ens33): option requested_domain_search => '1'
6,3,Oct 20 20:40:29,ubuntu,NetworkManager[930]:, <info>  [1634737229.3098] dhcp4 (ens33): option requested_host_name  => '1'
6,3,Oct 20 20:40:29,ubuntu,NetworkManager[930]:, <info>  [1634737229.3098] dhcp4 (ens33): option requested_interface_mtu => '1'
6,3,Oct 20 20:40:29,ubuntu,NetworkManager[930]:, <info>  [1634737229.3098] dhcp4 (ens33): option requested_ms_classless_static_routes => '1'
6,3,Oct 20 20:40:29,ubuntu,NetworkManager[930]:, <info>  [1634737229.3099] dhcp4 (ens33): option requested_nis_domain => '1'
6,3,Oct 20 20:40:29,ubuntu,NetworkManager[930]:, <info>  [1634737229.3099] dhcp4 (ens33): option requested_nis_servers => '1'
6,3,Oct 20 20:40:29,ubuntu,NetworkManager[930]:, <info>  [1634737229.3099] dhcp4 (ens33): option requested_ntp_servers => '1'
6,3,Oct 20 20:40:29,ubuntu,NetworkManager[930]:, <info>  [1634737229.3099] dhcp4 (ens33): option requested_rfc3442_classless_static_routes => '1'
6,3,Oct 20 20:40:29,ubuntu,NetworkManager[930]:, <info>  [1634737229.3099] dhcp4 (ens33): option requested_root_path  => '1'
6,3,Oct 20 20:40:29,ubuntu,NetworkManager[930]:, <info>  [1634737229.3099] dhcp4 (ens33): option requested_routers    => '1'
6,3,Oct 20 20:40:29,ubuntu,NetworkManager[930]:, <info>  [1634737229.3099] dhcp4 (ens33): option requested_static_routes => '1'
6,3,Oct 20 20:40:29,ubuntu,NetworkManager[930]:, <info>  [1634737229.3099] dhcp4 (ens33): option requested_subnet_mask => '1'
6,3,Oct 20 20:40:29,ubuntu,NetworkManager[930]:, <info>  [1634737229.3099] dhcp4 (ens33): option requested_time_offset => '1'
6,3,Oct 20 20:40:29,ubuntu,NetworkManager[930]:, <info>  [1634737229.3100] dhcp4 (ens33): option requested_wpad       => '1'
6,3,Oct 20 20:40:29,ubuntu,NetworkManager[930]:, <info>  [1634737229.3100] dhcp4 (ens33): option routers              => '192.168.163.2'
6,3,Oct 20 20:40:29,ubuntu,NetworkManager[930]:, <info>  [1634737229.3100] dhcp4 (ens33): option subnet_mask          => '255.255.255.0'
6,3,Oct 20 20:40:29,ubuntu,NetworkManager[930]:, <info>  [1634737229.3100] dhcp4 (ens33): state changed unknown -> bound
6,3,Oct 20 20:40:29,ubuntu,dbus-daemon[925]:, [system] Activating via systemd: service name='org.freedesktop.nm_dispatcher' unit='dbus-org.freedesktop.nm-dispatcher.service' requested by ':1.11' (uid=0 pid=930 comm="/usr/sbin/NetworkManager --no-daemon " label="unconfined")
6,3,Oct 20 20:40:29,ubuntu,systemd[1]:, Starting Network Manager Script Dispatcher Service...
6,3,Oct 20 20:40:29,ubuntu,dbus-daemon[925]:, [system] Successfully activated service 'org.freedesktop.nm_dispatcher'
6,3,Oct 20 20:40:29,ubuntu,systemd[1]:, Started Network Manager Script Dispatcher Service.
6,3,Oct 20 20:40:39,ubuntu,systemd[1]:, NetworkManager-dispatcher.service: Succeeded.
4,3,Oct 20 20:41:19,ubuntu,systemd-resolved[871]:, Using degraded feature set (UDP) for DNS server 192.168.163.2.
6,3,Oct 20 20:55:29,ubuntu,NetworkManager[930]:, <info>  [1634738129.3252] dhcp4 (ens33): option dhcp_lease_time      => '1800'
6,3,Oct 20 20:55:29,ubuntu,dbus-daemon[925]:, [system] Activating via systemd: service name='org.freedesktop.nm_dispatcher' unit='dbus-org.freedesktop.nm-dispatcher.service' requested by ':1.11' (uid=0 pid=930 comm="/usr/sbin/NetworkManager --no-daemon " label="unconfined")
6,3,Oct 20 20:55:29,ubuntu,NetworkManager[930]:, <info>  [1634738129.3252] dhcp4 (ens33): option domain_name          => 'localdomain'
6,3,Oct 20 20:55:29,ubuntu,NetworkManager[930]:, <info>  [1634738129.3252] dhcp4 (ens33): option domain_name_servers  => '192.168.163.2'
6,3,Oct 20 20:55:29,ubuntu,NetworkManager[930]:, <info>  [1634738129.3252] dhcp4 (ens33): option expiry               => '1634739929'
6,3,Oct 20 20:55:29,ubuntu,NetworkManager[930]:, <info>  [1634738129.3252] dhcp4 (ens33): option ip_address           => '192.168.163.139'
6,3,Oct 20 20:55:29,ubuntu,NetworkManager[930]:, <info>  [1634738129.3252] dhcp4 (ens33): option next_server          => '192.168.163.254'
6,3,Oct 20 20:55:29,ubuntu,NetworkManager[930]:, <info>  [1634738129.3253] dhcp4 (ens33): option requested_broadcast_address => '1'
6,3,Oct 20 20:55:29,ubuntu,NetworkManager[930]:, <info>  [1634738129.3253] dhcp4 (ens33): option requested_domain_name => '1'
6,3,Oct 20 20:55:29,ubuntu,NetworkManager[930]:, <info>  [1634738129.3253] dhcp4 (ens33): option requested_domain_name_servers => '1'
6,3,Oct 20 20:55:29,ubuntu,NetworkManager[930]:, <info>  [1634738129.3253] dhcp4 (ens33): option requested_domain_search => '1'
6,3,Oct 20 20:55:29,ubuntu,NetworkManager[930]:, <info>  [1634738129.3253] dhcp4 (ens33): option requested_host_name  => '1'
6,3,Oct 20 20:55:29,ubuntu,NetworkManager[930]:, <info>  [1634738129.3253] dhcp4 (ens33): option requested_interface_mtu => '1'
6,3,Oct 20 20:55:29,ubuntu,NetworkManager[930]:, <info>  [1634738129.3253] dhcp4 (ens33): option requested_ms_classless_static_routes => '1'
6,3,Oct 20 20:55:29,ubuntu,NetworkManager[930]:, <info>  [1634738129.3253] dhcp4 (ens33): option requested_nis_domain => '1'
6,3,Oct 20 20:55:29,ubuntu,NetworkManager[930]:, <info>  [1634738129.3253] dhcp4 (ens33): option requested_nis_servers => '1'
6,3,Oct 20 20:55:29,ubuntu,NetworkManager[930]:, <info>  [1634738129.3253] dhcp4 (ens33): option requested_ntp_servers => '1'
6,3,Oct 20 20:55:29,ubuntu,NetworkManager[930]:, <info>  [1634738129.3253] dhcp4 (ens33): option requested_rfc3442_classless_static_routes => '1'
6,3,Oct 20 20:55:29,ubuntu,NetworkManager[930]:, <info>  [1634738129.3253] dhcp4 (ens33): option requested_root_path  => '1'
6,3,Oct 20 20:55:29,ubuntu,NetworkManager[930]:, <info>  [1634738129.3253] dhcp4 (ens33): option requested_routers    => '1'
6,3,Oct 20 20:55:29,ubuntu,NetworkManager[930]:, <info>  [1634738129.3253] dhcp4 (ens33): option requested_static_routes => '1'
6,3,Oct 20 20:55:29,ubuntu,NetworkManager[930]:, <info>  [1634738129.3253] dhcp4 (ens33): option requested_subnet_mask => '1'
6,3,Oct 20 20:55:29,ubuntu,NetworkManager[930]:, <info>  [1634738129.3253] dhcp4 (ens33): option requested_time_offset => '1'
6,3,Oct 20 20:55:29,ubuntu,NetworkManager[930]:, <info>  [1634738129.3253] dhcp4 (ens33): option requested_wpad       => '1'
6,3,Oct 20 20:55:29,ubuntu,NetworkManager[930]:, <info>  [1634738129.3253] dhcp4 (ens33): option routers              => '192.168.163.2'
6,3,Oct 20 20:55:29,ubuntu,NetworkManager[930]:, <info>  [1634738129.3254] dhcp4 (ens33): option subnet_mask          => '255.255.255.0'
6,3,Oct 20 20:55:29,ubuntu,NetworkManager[930]:, <info>  [1634738129.3254] dhcp4 (ens33): state changed bound -> extended
6,3,Oct 20 20:55:29,ubuntu,systemd[1]:, Starting Network Manager Script Dispatcher Service...
6,3,Oct 20 20:55:29,ubuntu,dbus-daemon[925]:, [system] Successfully activated service 'org.freedesktop.nm_dispatcher'
6,3,Oct 20 20:55:29,ubuntu,systemd[1]:, Started Network Manager Script Dispatcher Service.
6,3,Oct 20 20:55:39,ubuntu,systemd[1]:, NetworkManager-dispatcher.service: Succeeded.
6,3,Oct 20 21:03:10,ubuntu,NetworkManager[930]:, <info>  [1634738590.4695] manager: NetworkManager state is now CONNECTED_SITE
6,3,Oct 20 21:03:10,ubuntu,dbus-daemon[925]:, [system] Activating via systemd: service name='org.freedesktop.nm_dispatcher' unit='dbus-org.freedesktop.nm-dispatcher.service' requested by ':1.11' (uid=0 pid=930 comm="/usr/sbin/NetworkManager --no-daemon " label="unconfined")
6,3,Oct 20 21:03:10,ubuntu,whoopsie[1314]:, [21:03:10] offline
6,3,Oct 20 21:03:10,ubuntu,systemd[1]:, Starting Network Manager Script Dispatcher Service...
6,3,Oct 20 21:03:10,ubuntu,dbus-daemon[925]:, [system] Successfully activated service 'org.freedesktop.nm_dispatcher'
6,3,Oct 20 21:03:10,ubuntu,systemd[1]:, Started Network Manager Script Dispatcher Service.
6,3,Oct 20 21:03:10,ubuntu,NetworkManager[930]:, <info>  [1634738590.9492] manager: NetworkManager state is now CONNECTED_GLOBAL
6,3,Oct 20 21:03:10,ubuntu,whoopsie[1314]:, [21:03:10] The default IPv4 route is: /org/freedesktop/NetworkManager/ActiveConnection/4
6,3,Oct 20 21:03:10,ubuntu,whoopsie[1314]:, [21:03:10] Not a paid data plan: /org/freedesktop/NetworkManager/ActiveConnection/4
6,3,Oct 20 21:03:10,ubuntu,whoopsie[1314]:, [21:03:10] Found usable connection: /org/freedesktop/NetworkManager/ActiveConnection/4
6,3,Oct 20 21:03:12,ubuntu,whoopsie[1314]:, [21:03:12] online
6,3,Oct 20 21:03:21,ubuntu,systemd[1]:, NetworkManager-dispatcher.service: Succeeded.
6,3,Oct 20 21:10:29,ubuntu,NetworkManager[930]:, <info>  [1634739029.3072] dhcp4 (ens33): option dhcp_lease_time      => '1800'
6,3,Oct 20 21:10:29,ubuntu,NetworkManager[930]:, <info>  [1634739029.3073] dhcp4 (ens33): option domain_name          => 'localdomain'
6,3,Oct 20 21:10:29,ubuntu,dbus-daemon[925]:, [system] Activating via systemd: service name='org.freedesktop.nm_dispatcher' unit='dbus-org.freedesktop.nm-dispatcher.service' requested by ':1.11' (uid=0 pid=930 comm="/usr/sbin/NetworkManager --no-daemon " label="unconfined")
6,3,Oct 20 21:10:29,ubuntu,NetworkManager[930]:, <info>  [1634739029.3073] dhcp4 (ens33): option domain_name_servers  => '192.168.163.2'
6,3,Oct 20 21:10:29,ubuntu,NetworkManager[930]:, <info>  [1634739029.3073] dhcp4 (ens33): option expiry               => '1634740829'
6,3,Oct 20 21:10:29,ubuntu,NetworkManager[930]:, <info>  [1634739029.3073] dhcp4 (ens33): option ip_address           => '192.168.163.139'
6,3,Oct 20 21:10:29,ubuntu,NetworkManager[930]:, <info>  [1634739029.3073] dhcp4 (ens33): option next_server          => '192.168.163.254'
6,3,Oct 20 21:10:29,ubuntu,NetworkManager[930]:, <info>  [1634739029.3073] dhcp4 (ens33): option requested_broadcast_address => '1'
6,3,Oct 20 21:10:29,ubuntu,NetworkManager[930]:, <info>  [1634739029.3073] dhcp4 (ens33): option requested_domain_name => '1'
6,3,Oct 20 21:10:29,ubuntu,NetworkManager[930]:, <info>  [1634739029.3073] dhcp4 (ens33): option requested_domain_name_servers => '1'
6,3,Oct 20 21:10:29,ubuntu,NetworkManager[930]:, <info>  [1634739029.3073] dhcp4 (ens33): option requested_domain_search => '1'
6,3,Oct 20 21:10:29,ubuntu,NetworkManager[930]:, <info>  [1634739029.3073] dhcp4 (ens33): option requested_host_name  => '1'
6,3,Oct 20 21:10:29,ubuntu,NetworkManager[930]:, <info>  [1634739029.3073] dhcp4 (ens33): option requested_interface_mtu => '1'
6,3,Oct 20 21:10:29,ubuntu,NetworkManager[930]:, <info>  [1634739029.3073] dhcp4 (ens33): option requested_ms_classless_static_routes => '1'
6,3,Oct 20 21:10:29,ubuntu,NetworkManager[930]:, <info>  [1634739029.3073] dhcp4 (ens33): option requested_nis_domain => '1'
6,3,Oct 20 21:10:29,ubuntu,NetworkManager[930]:, <info>  [1634739029.3073] dhcp4 (ens33): option requested_nis_servers => '1'
6,3,Oct 20 21:10:29,ubuntu,NetworkManager[930]:, <info>  [1634739029.3074] dhcp4 (ens33): option requested_ntp_servers => '1'
6,3,Oct 20 21:10:29,ubuntu,NetworkManager[930]:, <info>  [1634739029.3074] dhcp4 (ens33): option requested_rfc3442_classless_static_routes => '1'
6,3,Oct 20 21:10:29,ubuntu,NetworkManager[930]:, <info>  [1634739029.3074] dhcp4 (ens33): option requested_root_path  => '1'
6,3,Oct 20 21:10:29,ubuntu,NetworkManager[930]:, <info>  [1634739029.3074] dhcp4 (ens33): option requested_routers    => '1'
6,3,Oct 20 21:10:29,ubuntu,NetworkManager[930]:, <info>  [1634739029.3074] dhcp4 (ens33): option requested_static_routes => '1'
6,3,Oct 20 21:10:29,ubuntu,NetworkManager[930]:, <info>  [1634739029.3074] dhcp4 (ens33): option requested_subnet_mask => '1'
6,3,Oct 20 21:10:29,ubuntu,NetworkManager[930]:, <info>  [1634739029.3074] dhcp4 (ens33): option requested_time_offset => '1'
6,3,Oct 20 21:10:29,ubuntu,NetworkManager[930]:, <info>  [1634739029.3074] dhcp4 (ens33): option requested_wpad       => '1'
6,3,Oct 20 21:10:29,ubuntu,NetworkManager[930]:, <info>  [1634739029.3074] dhcp4 (ens33): option routers              => '192.168.163.2'
6,3,Oct 20 21:10:29,ubuntu,NetworkManager[930]:, <info>  [1634739029.3074] dhcp4 (ens33): option subnet_mask          => '255.255.255.0'
6,3,Oct 20 21:10:29,ubuntu,NetworkManager[930]:, <info>  [1634739029.3074] dhcp4 (ens33): state changed extended -> extended
6,3,Oct 20 21:10:29,ubuntu,systemd[1]:, Starting Network Manager Script Dispatcher Service...
6,3,Oct 20 21:10:29,ubuntu,dbus-daemon[925]:, [system] Successfully activated service 'org.freedesktop.nm_dispatcher'
6,3,Oct 20 21:10:29,ubuntu,systemd[1]:, Started Network Manager Script Dispatcher Service.
6,3,Oct 20 21:10:39,ubuntu,systemd[1]:, NetworkManager-dispatcher.service: Succeeded.
6,3,Oct 20 21:13:30,ubuntu,NetworkManager[930]:, <info>  [1634739210.4696] manager: NetworkManager state is now CONNECTED_SITE
6,3,Oct 20 21:13:30,ubuntu,whoopsie[1314]:, [21:13:30] offline
6,3,Oct 20 21:13:30,ubuntu,dbus-daemon[925]:, [system] Activating via systemd: service name='org.freedesktop.nm_dispatcher' unit='dbus-org.freedesktop.nm-dispatcher.service' requested by ':1.11' (uid=0 pid=930 comm="/usr/sbin/NetworkManager --no-daemon " label="unconfined")
6,3,Oct 20 21:13:30,ubuntu,systemd[1]:, Starting Network Manager Script Dispatcher Service...
6,3,Oct 20 21:13:30,ubuntu,dbus-daemon[925]:, [system] Successfully activated service 'org.freedesktop.nm_dispatcher'
6,3,Oct 20 21:13:30,ubuntu,systemd[1]:, Started Network Manager Script Dispatcher Service.
6,3,Oct 20 21:13:33,ubuntu,NetworkManager[930]:, <info>  [1634739213.2293] manager: NetworkManager state is now CONNECTED_GLOBAL
6,3,Oct 20 21:13:33,ubuntu,whoopsie[1314]:, [21:13:33] The default IPv4 route is: /org/freedesktop/NetworkManager/ActiveConnection/4
6,3,Oct 20 21:13:33,ubuntu,whoopsie[1314]:, [21:13:33] Not a paid data plan: /org/freedesktop/NetworkManager/ActiveConnection/4
6,3,Oct 20 21:13:33,ubuntu,whoopsie[1314]:, [21:13:33] Found usable connection: /org/freedesktop/NetworkManager/ActiveConnection/4
6,3,Oct 20 21:13:33,ubuntu,whoopsie[1314]:, [21:13:33] online
6,3,Oct 20 21:13:43,ubuntu,systemd[1]:, NetworkManager-dispatcher.service: Succeeded.
6,10,Oct 20 21:17:01,ubuntu,CRON[20738]:, pam_unix(cron:session): session opened for user root by (uid=0)
6,9,Oct 20 21:17:01,ubuntu,CRON[20739]:, (root) CMD (   cd / && run-parts --report /etc/cron.hourly)
6,10,Oct 20 21:17:01,ubuntu,CRON[20738]:, pam_unix(cron:session): session closed for user root
6,3,Oct 20 21:23:51,ubuntu,NetworkManager[930]:, <info>  [1634739831.4692] manager: NetworkManager state is now CONNECTED_SITE
6,3,Oct 20 21:23:51,ubuntu,dbus-daemon[925]:, [system] Activating via systemd: service name='org.freedesktop.nm_dispatcher' unit='dbus-org.freedesktop.nm-dispatcher.service' requested by ':1.11' (uid=0 pid=930 comm="/usr/sbin/NetworkManager --no-daemon " label="unconfined")
6,3,Oct 20 21:23:51,ubuntu,whoopsie[1314]:, [21:23:51] offline
6,3,Oct 20 21:23:51,ubuntu,systemd[1]:, Starting Network Manager Script Dispatcher Service...
6,3,Oct 20 21:23:51,ubuntu,dbus-daemon[925]:, [system] Successfully activated service 'org.freedesktop.nm_dispatcher'
6,3,Oct 20 21:23:51,ubuntu,systemd[1]:, Started Network Manager Script Dispatcher Service.
6,3,Oct 20 21:23:51,ubuntu,NetworkManager[930]:, <info>  [1634739831.9495] manager: NetworkManager state is now CONNECTED_GLOBAL
6,3,Oct 20 21:23:51,ubuntu,whoopsie[1314]:, [21:23:51] The default IPv4 route is: /org/freedesktop/NetworkManager/ActiveConnection/4
6,3,Oct 20 21:23:51,ubuntu,whoopsie[1314]:, [21:23:51] Not a paid data plan: /org/freedesktop/NetworkManager/ActiveConnection/4
6,3,Oct 20 21:23:51,ubuntu,whoopsie[1314]:, [21:23:51] Found usable connection: /org/freedesktop/NetworkManager/ActiveConnection/4
6,3,Oct 20 21:23:51,ubuntu,whoopsie[1314]:, [21:23:51] online
6,3,Oct 20 21:24:02,ubuntu,systemd[1]:, NetworkManager-dispatcher.service: Succeeded.
6,3,Oct 20 21:25:29,ubuntu,NetworkManager[930]:, <info>  [1634739929.3166] dhcp4 (ens33): option dhcp_lease_time      => '1800'
6,3,Oct 20 21:25:29,ubuntu,NetworkManager[930]:, <info>  [1634739929.3167] dhcp4 (ens33): option domain_name          => 'localdomain'
6,3,Oct 20 21:25:29,ubuntu,NetworkManager[930]:, <info>  [1634739929.3167] dhcp4 (ens33): option domain_name_servers  => '192.168.163.2'
6,3,Oct 20 21:25:29,ubuntu,NetworkManager[930]:, <info>  [1634739929.3167] dhcp4 (ens33): option expiry               => '1634741729'
6,3,Oct 20 21:25:29,ubuntu,NetworkManager[930]:, <info>  [1634739929.3167] dhcp4 (ens33): option ip_address           => '192.168.163.139'
6,3,Oct 20 21:25:29,ubuntu,NetworkManager[930]:, <info>  [1634739929.3167] dhcp4 (ens33): option next_server          => '192.168.163.254'
6,3,Oct 20 21:25:29,ubuntu,NetworkManager[930]:, <info>  [1634739929.3167] dhcp4 (ens33): option requested_broadcast_address => '1'
6,3,Oct 20 21:25:29,ubuntu,NetworkManager[930]:, <info>  [1634739929.3167] dhcp4 (ens33): option requested_domain_name => '1'
6,3,Oct 20 21:25:29,ubuntu,NetworkManager[930]:, <info>  [1634739929.3167] dhcp4 (ens33): option requested_domain_name_servers => '1'
6,3,Oct 20 21:25:29,ubuntu,NetworkManager[930]:, <info>  [1634739929.3167] dhcp4 (ens33): option requested_domain_search => '1'
6,3,Oct 20 21:25:29,ubuntu,NetworkManager[930]:, <info>  [1634739929.3167] dhcp4 (ens33): option requested_host_name  => '1'
6,3,Oct 20 21:25:29,ubuntu,NetworkManager[930]:, <info>  [1634739929.3167] dhcp4 (ens33): option requested_interface_mtu => '1'
6,3,Oct 20 21:25:29,ubuntu,NetworkManager[930]:, <info>  [1634739929.3167] dhcp4 (ens33): option requested_ms_classless_static_routes => '1'
6,3,Oct 20 21:25:29,ubuntu,NetworkManager[930]:, <info>  [1634739929.3167] dhcp4 (ens33): option requested_nis_domain => '1'
6,3,Oct 20 21:25:29,ubuntu,NetworkManager[930]:, <info>  [1634739929.3167] dhcp4 (ens33): option requested_nis_servers => '1'
6,3,Oct 20 21:25:29,ubuntu,NetworkManager[930]:, <info>  [1634739929.3168] dhcp4 (ens33): option requested_ntp_servers => '1'
6,3,Oct 20 21:25:29,ubuntu,NetworkManager[930]:, <info>  [1634739929.3168] dhcp4 (ens33): option requested_rfc3442_classless_static_routes => '1'
6,3,Oct 20 21:25:29,ubuntu,NetworkManager[930]:, <info>  [1634739929.3168] dhcp4 (ens33): option requested_root_path  => '1'
6,3,Oct 20 21:25:29,ubuntu,NetworkManager[930]:, <info>  [1634739929.3168] dhcp4 (ens33): option requested_routers    => '1'
6,3,Oct 20 21:25:29,ubuntu,NetworkManager[930]:, <info>  [1634739929.3168] dhcp4 (ens33): option requested_static_routes => '1'
6,3,Oct 20 21:25:29,ubuntu,NetworkManager[930]:, <info>  [1634739929.3168] dhcp4 (ens33): option requested_subnet_mask => '1'
6,3,Oct 20 21:25:29,ubuntu,NetworkManager[930]:, <info>  [1634739929.3168] dhcp4 (ens33): option requested_time_offset => '1'
6,3,Oct 20 21:25:29,ubuntu,NetworkManager[930]:, <info>  [1634739929.3168] dhcp4 (ens33): option requested_wpad       => '1'
6,3,Oct 20 21:25:29,ubuntu,NetworkManager[930]:, <info>  [1634739929.3168] dhcp4 (ens33): option routers              => '192.168.163.2'
6,3,Oct 20 21:25:29,ubuntu,NetworkManager[930]:, <info>  [1634739929.3168] dhcp4 (ens33): option subnet_mask          => '255.255.255.0'
6,3,Oct 20 21:25:29,ubuntu,NetworkManager[930]:, <info>  [1634739929.3168] dhcp4 (ens33): state changed extended -> extended
6,3,Oct 20 21:25:29,ubuntu,dbus-daemon[925]:, [system] Activating via systemd: service name='org.freedesktop.nm_dispatcher' unit='dbus-org.freedesktop.nm-dispatcher.service' requested by ':1.11' (uid=0 pid=930 comm="/usr/sbin/NetworkManager --no-daemon " label="unconfined")
6,3,Oct 20 21:25:29,ubuntu,systemd[1]:, Starting Network Manager Script Dispatcher Service...
6,3,Oct 20 21:25:29,ubuntu,dbus-daemon[925]:, [system] Successfully activated service 'org.freedesktop.nm_dispatcher'
6,3,Oct 20 21:25:29,ubuntu,systemd[1]:, Started Network Manager Script Dispatcher Service.
6,3,Oct 20 21:25:39,ubuntu,systemd[1]:, NetworkManager-dispatcher.service: Succeeded.
6,10,Oct 20 21:30:01,ubuntu,CRON[20761]:, pam_unix(cron:session): session opened for user root by (uid=0)
6,9,Oct 20 21:30:01,ubuntu,CRON[20762]:, (root) CMD ([ -x /etc/init.d/anacron ] && if [ ! -d /run/systemd/system ]; then /usr/sbin/invoke-rc.d anacron start >/dev/null; fi)
6,10,Oct 20 21:30:01,ubuntu,CRON[20761]:, pam_unix(cron:session): session closed for user root
6,3,Oct 20 21:34:26,ubuntu,systemd[1]:, Started Run anacron jobs.
5,9,Oct 20 21:34:26,ubuntu,anacron[20766]:, Anacron 2.3 started on 2021-10-20
5,9,Oct 20 21:34:26,ubuntu,anacron[20766]:, Normal exit (0 jobs run)
6,3,Oct 20 21:34:26,ubuntu,systemd[1]:, anacron.service: Succeeded.
6,3,Oct 20 21:40:29,ubuntu,NetworkManager[930]:, <info>  [1634740829.3084] dhcp4 (ens33): option dhcp_lease_time      => '1800'
6,3,Oct 20 21:40:29,ubuntu,NetworkManager[930]:, <info>  [1634740829.3084] dhcp4 (ens33): option domain_name          => 'localdomain'
6,3,Oct 20 21:40:29,ubuntu,dbus-daemon[925]:, [system] Activating via systemd: service name='org.freedesktop.nm_dispatcher' unit='dbus-org.freedesktop.nm-dispatcher.service' requested by ':1.11' (uid=0 pid=930 comm="/usr/sbin/NetworkManager --no-daemon " label="unconfined")
6,3,Oct 20 21:40:29,ubuntu,NetworkManager[930]:, <info>  [1634740829.3084] dhcp4 (ens33): option domain_name_servers  => '192.168.163.2'
6,3,Oct 20 21:40:29,ubuntu,NetworkManager[930]:, <info>  [1634740829.3084] dhcp4 (ens33): option expiry               => '1634742629'
6,3,Oct 20 21:40:29,ubuntu,NetworkManager[930]:, <info>  [1634740829.3084] dhcp4 (ens33): option ip_address           => '192.168.163.139'
6,3,Oct 20 21:40:29,ubuntu,NetworkManager[930]:, <info>  [1634740829.3085] dhcp4 (ens33): option next_server          => '192.168.163.254'
6,3,Oct 20 21:40:29,ubuntu,NetworkManager[930]:, <info>  [1634740829.3085] dhcp4 (ens33): option requested_broadcast_address => '1'
6,3,Oct 20 21:40:29,ubuntu,NetworkManager[930]:, <info>  [1634740829.3085] dhcp4 (ens33): option requested_domain_name => '1'
6,3,Oct 20 21:40:29,ubuntu,NetworkManager[930]:, <info>  [1634740829.3085] dhcp4 (ens33): option requested_domain_name_servers => '1'
6,3,Oct 20 21:40:29,ubuntu,NetworkManager[930]:, <info>  [1634740829.3085] dhcp4 (ens33): option requested_domain_search => '1'
6,3,Oct 20 21:40:29,ubuntu,NetworkManager[930]:, <info>  [1634740829.3085] dhcp4 (ens33): option requested_host_name  => '1'
6,3,Oct 20 21:40:29,ubuntu,NetworkManager[930]:, <info>  [1634740829.3085] dhcp4 (ens33): option requested_interface_mtu => '1'
6,3,Oct 20 21:40:29,ubuntu,NetworkManager[930]:, <info>  [1634740829.3085] dhcp4 (ens33): option requested_ms_classless_static_routes => '1'
6,3,Oct 20 21:40:29,ubuntu,NetworkManager[930]:, <info>  [1634740829.3085] dhcp4 (ens33): option requested_nis_domain => '1'
6,3,Oct 20 21:40:29,ubuntu,NetworkManager[930]:, <info>  [1634740829.3085] dhcp4 (ens33): option requested_nis_servers => '1'
6,3,Oct 20 21:40:29,ubuntu,NetworkManager[930]:, <info>  [1634740829.3085] dhcp4 (ens33): option requested_ntp_servers => '1'
6,3,Oct 20 21:40:29,ubuntu,NetworkManager[930]:, <info>  [1634740829.3085] dhcp4 (ens33): option requested_rfc3442_classless_static_routes => '1'
6,3,Oct 20 21:40:29,ubuntu,NetworkManager[930]:, <info>  [1634740829.3085] dhcp4 (ens33): option requested_root_path  => '1'
6,3,Oct 20 21:40:29,ubuntu,NetworkManager[930]:, <info>  [1634740829.3085] dhcp4 (ens33): option requested_routers    => '1'
6,3,Oct 20 21:40:29,ubuntu,NetworkManager[930]:, <info>  [1634740829.3085] dhcp4 (ens33): option requested_static_routes => '1'
6,3,Oct 20 21:40:29,ubuntu,NetworkManager[930]:, <info>  [1634740829.3085] dhcp4 (ens33): option requested_subnet_mask => '1'
6,3,Oct 20 21:40:29,ubuntu,NetworkManager[930]:, <info>  [1634740829.3085] dhcp4 (ens33): option requested_time_offset => '1'
6,3,Oct 20 21:40:29,ubuntu,NetworkManager[930]:, <info>  [1634740829.3086] dhcp4 (ens33): option requested_wpad       => '1'
6,3,Oct 20 21:40:29,ubuntu,NetworkManager[930]:, <info>  [1634740829.3086] dhcp4 (ens33): option routers              => '192.168.163.2'
6,3,Oct 20 21:40:29,ubuntu,NetworkManager[930]:, <info>  [1634740829.3086] dhcp4 (ens33): option subnet_mask          => '255.255.255.0'
6,3,Oct 20 21:40:29,ubuntu,NetworkManager[930]:, <info>  [1634740829.3086] dhcp4 (ens33): state changed extended -> extended
6,3,Oct 20 21:40:29,ubuntu,systemd[1]:, Starting Network Manager Script Dispatcher Service...
6,3,Oct 20 21:40:29,ubuntu,dbus-daemon[925]:, [system] Successfully activated service 'org.freedesktop.nm_dispatcher'
6,3,Oct 20 21:40:29,ubuntu,systemd[1]:, Started Network Manager Script Dispatcher Service.
6,3,Oct 20 21:40:39,ubuntu,systemd[1]:, NetworkManager-dispatcher.service: Succeeded.
6,3,Oct 20 21:55:29,ubuntu,NetworkManager[930]:, <info>  [1634741729.3083] dhcp4 (ens33): option dhcp_lease_time      => '1800'
6,3,Oct 20 21:55:29,ubuntu,NetworkManager[930]:, <info>  [1634741729.3084] dhcp4 (ens33): option domain_name          => 'localdomain'
6,3,Oct 20 21:55:29,ubuntu,dbus-daemon[925]:, [system] Activating via systemd: service name='org.freedesktop.nm_dispatcher' unit='dbus-org.freedesktop.nm-dispatcher.service' requested by ':1.11' (uid=0 pid=930 comm="/usr/sbin/NetworkManager --no-daemon " label="unconfined")
6,3,Oct 20 21:55:29,ubuntu,NetworkManager[930]:, <info>  [1634741729.3084] dhcp4 (ens33): option domain_name_servers  => '192.168.163.2'
6,3,Oct 20 21:55:29,ubuntu,NetworkManager[930]:, <info>  [1634741729.3084] dhcp4 (ens33): option expiry               => '1634743529'
6,3,Oct 20 21:55:29,ubuntu,NetworkManager[930]:, <info>  [1634741729.3084] dhcp4 (ens33): option ip_address           => '192.168.163.139'
6,3,Oct 20 21:55:29,ubuntu,NetworkManager[930]:, <info>  [1634741729.3084] dhcp4 (ens33): option next_server          => '192.168.163.254'
6,3,Oct 20 21:55:29,ubuntu,NetworkManager[930]:, <info>  [1634741729.3084] dhcp4 (ens33): option requested_broadcast_address => '1'
6,3,Oct 20 21:55:29,ubuntu,NetworkManager[930]:, <info>  [1634741729.3084] dhcp4 (ens33): option requested_domain_name => '1'
6,3,Oct 20 21:55:29,ubuntu,NetworkManager[930]:, <info>  [1634741729.3084] dhcp4 (ens33): option requested_domain_name_servers => '1'
6,3,Oct 20 21:55:29,ubuntu,NetworkManager[930]:, <info>  [1634741729.3084] dhcp4 (ens33): option requested_domain_search => '1'
6,3,Oct 20 21:55:29,ubuntu,NetworkManager[930]:, <info>  [1634741729.3084] dhcp4 (ens33): option requested_host_name  => '1'
6,3,Oct 20 21:55:29,ubuntu,NetworkManager[930]:, <info>  [1634741729.3084] dhcp4 (ens33): option requested_interface_mtu => '1'
6,3,Oct 20 21:55:29,ubuntu,NetworkManager[930]:, <info>  [1634741729.3084] dhcp4 (ens33): option requested_ms_classless_static_routes => '1'
6,3,Oct 20 21:55:29,ubuntu,NetworkManager[930]:, <info>  [1634741729.3084] dhcp4 (ens33): option requested_nis_domain => '1'
6,3,Oct 20 21:55:29,ubuntu,NetworkManager[930]:, <info>  [1634741729.3085] dhcp4 (ens33): option requested_nis_servers => '1'
6,3,Oct 20 21:55:29,ubuntu,NetworkManager[930]:, <info>  [1634741729.3085] dhcp4 (ens33): option requested_ntp_servers => '1'
6,3,Oct 20 21:55:29,ubuntu,NetworkManager[930]:, <info>  [1634741729.3085] dhcp4 (ens33): option requested_rfc3442_classless_static_routes => '1'
6,3,Oct 20 21:55:29,ubuntu,NetworkManager[930]:, <info>  [1634741729.3085] dhcp4 (ens33): option requested_root_path  => '1'
6,3,Oct 20 21:55:29,ubuntu,NetworkManager[930]:, <info>  [1634741729.3085] dhcp4 (ens33): option requested_routers    => '1'
6,3,Oct 20 21:55:29,ubuntu,NetworkManager[930]:, <info>  [1634741729.3085] dhcp4 (ens33): option requested_static_routes => '1'
6,3,Oct 20 21:55:29,ubuntu,NetworkManager[930]:, <info>  [1634741729.3085] dhcp4 (ens33): option requested_subnet_mask => '1'
6,3,Oct 20 21:55:29,ubuntu,NetworkManager[930]:, <info>  [1634741729.3085] dhcp4 (ens33): option requested_time_offset => '1'
6,3,Oct 20 21:55:29,ubuntu,NetworkManager[930]:, <info>  [1634741729.3085] dhcp4 (ens33): option requested_wpad       => '1'
6,3,Oct 20 21:55:29,ubuntu,NetworkManager[930]:, <info>  [1634741729.3085] dhcp4 (ens33): option routers              => '192.168.163.2'
6,3,Oct 20 21:55:29,ubuntu,NetworkManager[930]:, <info>  [1634741729.3085] dhcp4 (ens33): option subnet_mask          => '255.255.255.0'
6,3,Oct 20 21:55:29,ubuntu,NetworkManager[930]:, <info>  [1634741729.3085] dhcp4 (ens33): state changed extended -> extended
6,3,Oct 20 21:55:29,ubuntu,systemd[1]:, Starting Network Manager Script Dispatcher Service...
6,3,Oct 20 21:55:29,ubuntu,dbus-daemon[925]:, [system] Successfully activated service 'org.freedesktop.nm_dispatcher'
6,3,Oct 20 21:55:29,ubuntu,systemd[1]:, Started Network Manager Script Dispatcher Service.
6,3,Oct 20 21:55:39,ubuntu,systemd[1]:, NetworkManager-dispatcher.service: Succeeded.
6,3,Oct 20 22:02:02,ubuntu,snapd[952]:, storehelpers.go:557: cannot refresh: snap has no updates available: "bare", "core18", "gnome-3-34-1804", "gtk-common-themes", "postman", "snap-store", "snapd"
6,3,Oct 20 22:02:02,ubuntu,snapd[952]:, autorefresh.go:520: auto-refresh: all snaps are up-to-date
6,3,Oct 20 22:10:29,ubuntu,NetworkManager[930]:, <info>  [1634742629.3099] dhcp4 (ens33): option dhcp_lease_time      => '1800'
6,3,Oct 20 22:10:29,ubuntu,NetworkManager[930]:, <info>  [1634742629.3100] dhcp4 (ens33): option domain_name          => 'localdomain'
6,3,Oct 20 22:10:29,ubuntu,dbus-daemon[925]:, [system] Activating via systemd: service name='org.freedesktop.nm_dispatcher' unit='dbus-org.freedesktop.nm-dispatcher.service' requested by ':1.11' (uid=0 pid=930 comm="/usr/sbin/NetworkManager --no-daemon " label="unconfined")
6,3,Oct 20 22:10:29,ubuntu,NetworkManager[930]:, <info>  [1634742629.3100] dhcp4 (ens33): option domain_name_servers  => '192.168.163.2'
6,3,Oct 20 22:10:29,ubuntu,NetworkManager[930]:, <info>  [1634742629.3100] dhcp4 (ens33): option expiry               => '1634744429'
6,3,Oct 20 22:10:29,ubuntu,NetworkManager[930]:, <info>  [1634742629.3100] dhcp4 (ens33): option ip_address           => '192.168.163.139'
6,3,Oct 20 22:10:29,ubuntu,NetworkManager[930]:, <info>  [1634742629.3100] dhcp4 (ens33): option next_server          => '192.168.163.254'
6,3,Oct 20 22:10:29,ubuntu,NetworkManager[930]:, <info>  [1634742629.3100] dhcp4 (ens33): option requested_broadcast_address => '1'
6,3,Oct 20 22:10:29,ubuntu,NetworkManager[930]:, <info>  [1634742629.3100] dhcp4 (ens33): option requested_domain_name => '1'
6,3,Oct 20 22:10:29,ubuntu,NetworkManager[930]:, <info>  [1634742629.3100] dhcp4 (ens33): option requested_domain_name_servers => '1'
6,3,Oct 20 22:10:29,ubuntu,NetworkManager[930]:, <info>  [1634742629.3100] dhcp4 (ens33): option requested_domain_search => '1'
6,3,Oct 20 22:10:29,ubuntu,NetworkManager[930]:, <info>  [1634742629.3101] dhcp4 (ens33): option requested_host_name  => '1'
6,3,Oct 20 22:10:29,ubuntu,NetworkManager[930]:, <info>  [1634742629.3101] dhcp4 (ens33): option requested_interface_mtu => '1'
6,3,Oct 20 22:10:29,ubuntu,NetworkManager[930]:, <info>  [1634742629.3101] dhcp4 (ens33): option requested_ms_classless_static_routes => '1'
6,3,Oct 20 22:10:29,ubuntu,NetworkManager[930]:, <info>  [1634742629.3101] dhcp4 (ens33): option requested_nis_domain => '1'
6,3,Oct 20 22:10:29,ubuntu,NetworkManager[930]:, <info>  [1634742629.3101] dhcp4 (ens33): option requested_nis_servers => '1'
6,3,Oct 20 22:10:29,ubuntu,NetworkManager[930]:, <info>  [1634742629.3101] dhcp4 (ens33): option requested_ntp_servers => '1'
6,3,Oct 20 22:10:29,ubuntu,NetworkManager[930]:, <info>  [1634742629.3101] dhcp4 (ens33): option requested_rfc3442_classless_static_routes => '1'
6,3,Oct 20 22:10:29,ubuntu,NetworkManager[930]:, <info>  [1634742629.3101] dhcp4 (ens33): option requested_root_path  => '1'
6,3,Oct 20 22:10:29,ubuntu,NetworkManager[930]:, <info>  [1634742629.3101] dhcp4 (ens33): option requested_routers    => '1'
6,3,Oct 20 22:10:29,ubuntu,NetworkManager[930]:, <info>  [1634742629.3101] dhcp4 (ens33): option requested_static_routes => '1'
6,3,Oct 20 22:10:29,ubuntu,NetworkManager[930]:, <info>  [1634742629.3101] dhcp4 (ens33): option requested_subnet_mask => '1'
6,3,Oct 20 22:10:29,ubuntu,NetworkManager[930]:, <info>  [1634742629.3101] dhcp4 (ens33): option requested_time_offset => '1'
6,3,Oct 20 22:10:29,ubuntu,NetworkManager[930]:, <info>  [1634742629.3101] dhcp4 (ens33): option requested_wpad       => '1'
6,3,Oct 20 22:10:29,ubuntu,NetworkManager[930]:, <info>  [1634742629.3101] dhcp4 (ens33): option routers              => '192.168.163.2'
6,3,Oct 20 22:10:29,ubuntu,NetworkManager[930]:, <info>  [1634742629.3101] dhcp4 (ens33): option subnet_mask          => '255.255.255.0'
6,3,Oct 20 22:10:29,ubuntu,NetworkManager[930]:, <info>  [1634742629.3101] dhcp4 (ens33): state changed extended -> extended
6,3,Oct 20 22:10:29,ubuntu,systemd[1]:, Starting Network Manager Script Dispatcher Service...
6,3,Oct 20 22:10:29,ubuntu,dbus-daemon[925]:, [system] Successfully activated service 'org.freedesktop.nm_dispatcher'
6,3,Oct 20 22:10:29,ubuntu,systemd[1]:, Started Network Manager Script Dispatcher Service.
6,3,Oct 20 22:10:39,ubuntu,systemd[1]:, NetworkManager-dispatcher.service: Succeeded.
6,3,Oct 20 22:14:11,ubuntu,NetworkManager[930]:, <info>  [1634742851.4702] manager: NetworkManager state is now CONNECTED_SITE
6,3,Oct 20 22:14:11,ubuntu,whoopsie[1314]:, [22:14:11] offline
6,3,Oct 20 22:14:11,ubuntu,dbus-daemon[925]:, [system] Activating via systemd: service name='org.freedesktop.nm_dispatcher' unit='dbus-org.freedesktop.nm-dispatcher.service' requested by ':1.11' (uid=0 pid=930 comm="/usr/sbin/NetworkManager --no-daemon " label="unconfined")
6,3,Oct 20 22:14:11,ubuntu,systemd[1]:, Starting Network Manager Script Dispatcher Service...
6,3,Oct 20 22:14:11,ubuntu,dbus-daemon[925]:, [system] Successfully activated service 'org.freedesktop.nm_dispatcher'
6,3,Oct 20 22:14:11,ubuntu,systemd[1]:, Started Network Manager Script Dispatcher Service.
6,3,Oct 20 22:14:12,ubuntu,NetworkManager[930]:, <info>  [1634742852.9419] manager: NetworkManager state is now CONNECTED_GLOBAL
6,3,Oct 20 22:14:12,ubuntu,whoopsie[1314]:, [22:14:12] The default IPv4 route is: /org/freedesktop/NetworkManager/ActiveConnection/4
6,3,Oct 20 22:14:12,ubuntu,whoopsie[1314]:, [22:14:12] Not a paid data plan: /org/freedesktop/NetworkManager/ActiveConnection/4
6,3,Oct 20 22:14:12,ubuntu,whoopsie[1314]:, [22:14:12] Found usable connection: /org/freedesktop/NetworkManager/ActiveConnection/4
6,3,Oct 20 22:14:12,ubuntu,whoopsie[1314]:, [22:14:12] online
6,3,Oct 20 22:14:23,ubuntu,systemd[1]:, NetworkManager-dispatcher.service: Succeeded.
6,3,Oct 20 22:16:35,ubuntu,systemd[1]:, Starting Refresh fwupd metadata and update motd...
6,3,Oct 20 22:16:35,ubuntu,dbus-daemon[925]:, [system] Activating via systemd: service name='org.freedesktop.fwupd' unit='fwupd.service' requested by ':1.250' (uid=62803 pid=20813 comm="/usr/bin/fwupdmgr refresh --no-metadata-check " label="unconfined")
6,3,Oct 20 22:16:35,ubuntu,systemd[1]:, Starting Firmware update daemon...
6,3,Oct 20 22:16:36,ubuntu,dbus-daemon[925]:, [system] Successfully activated service 'org.freedesktop.fwupd'
6,3,Oct 20 22:16:36,ubuntu,systemd[1]:, Started Firmware update daemon.
6,3,Oct 20 22:16:36,ubuntu,fwupdmgr[20813]:, Fetching metadata https://cdn.fwupd.org/downloads/firmware.xml.gz
6,3,Oct 20 22:16:36,ubuntu,fwupdmgr[20813]:, Fetching signature https://cdn.fwupd.org/downloads/firmware.xml.gz.asc
6,3,Oct 20 22:16:37,ubuntu,fwupdmgr[20813]:, Successfully downloaded new metadata: 0 local devices supported
6,3,Oct 20 22:16:37,ubuntu,systemd[1]:, fwupd-refresh.service: Succeeded.
6,3,Oct 20 22:16:37,ubuntu,systemd[1]:, Finished Refresh fwupd metadata and update motd.
6,10,Oct 20 22:17:01,ubuntu,CRON[20847]:, pam_unix(cron:session): session opened for user root by (uid=0)
6,9,Oct 20 22:17:01,ubuntu,CRON[20848]:, (root) CMD (   cd / && run-parts --report /etc/cron.hourly)
6,10,Oct 20 22:17:01,ubuntu,CRON[20847]:, pam_unix(cron:session): session closed for user root
6,3,Oct 20 22:25:29,ubuntu,NetworkManager[930]:, <info>  [1634743529.3137] dhcp4 (ens33): option dhcp_lease_time      => '1800'
6,3,Oct 20 22:25:29,ubuntu,NetworkManager[930]:, <info>  [1634743529.3138] dhcp4 (ens33): option domain_name          => 'localdomain'
6,3,Oct 20 22:25:29,ubuntu,dbus-daemon[925]:, [system] Activating via systemd: service name='org.freedesktop.nm_dispatcher' unit='dbus-org.freedesktop.nm-dispatcher.service' requested by ':1.11' (uid=0 pid=930 comm="/usr/sbin/NetworkManager --no-daemon " label="unconfined")
6,3,Oct 20 22:25:29,ubuntu,NetworkManager[930]:, <info>  [1634743529.3138] dhcp4 (ens33): option domain_name_servers  => '192.168.163.2'
6,3,Oct 20 22:25:29,ubuntu,NetworkManager[930]:, <info>  [1634743529.3138] dhcp4 (ens33): option expiry               => '1634745329'
6,3,Oct 20 22:25:29,ubuntu,NetworkManager[930]:, <info>  [1634743529.3138] dhcp4 (ens33): option ip_address           => '192.168.163.139'
6,3,Oct 20 22:25:29,ubuntu,NetworkManager[930]:, <info>  [1634743529.3138] dhcp4 (ens33): option next_server          => '192.168.163.254'
6,3,Oct 20 22:25:29,ubuntu,NetworkManager[930]:, <info>  [1634743529.3138] dhcp4 (ens33): option requested_broadcast_address => '1'
6,3,Oct 20 22:25:29,ubuntu,NetworkManager[930]:, <info>  [1634743529.3138] dhcp4 (ens33): option requested_domain_name => '1'
6,3,Oct 20 22:25:29,ubuntu,NetworkManager[930]:, <info>  [1634743529.3138] dhcp4 (ens33): option requested_domain_name_servers => '1'
6,3,Oct 20 22:25:29,ubuntu,NetworkManager[930]:, <info>  [1634743529.3138] dhcp4 (ens33): option requested_domain_search => '1'
6,3,Oct 20 22:25:29,ubuntu,NetworkManager[930]:, <info>  [1634743529.3138] dhcp4 (ens33): option requested_host_name  => '1'
6,3,Oct 20 22:25:29,ubuntu,NetworkManager[930]:, <info>  [1634743529.3138] dhcp4 (ens33): option requested_interface_mtu => '1'
6,3,Oct 20 22:25:29,ubuntu,NetworkManager[930]:, <info>  [1634743529.3138] dhcp4 (ens33): option requested_ms_classless_static_routes => '1'
6,3,Oct 20 22:25:29,ubuntu,NetworkManager[930]:, <info>  [1634743529.3139] dhcp4 (ens33): option requested_nis_domain => '1'
6,3,Oct 20 22:25:29,ubuntu,NetworkManager[930]:, <info>  [1634743529.3139] dhcp4 (ens33): option requested_nis_servers => '1'
6,3,Oct 20 22:25:29,ubuntu,NetworkManager[930]:, <info>  [1634743529.3139] dhcp4 (ens33): option requested_ntp_servers => '1'
6,3,Oct 20 22:25:29,ubuntu,NetworkManager[930]:, <info>  [1634743529.3139] dhcp4 (ens33): option requested_rfc3442_classless_static_routes => '1'
6,3,Oct 20 22:25:29,ubuntu,NetworkManager[930]:, <info>  [1634743529.3139] dhcp4 (ens33): option requested_root_path  => '1'
6,3,Oct 20 22:25:29,ubuntu,NetworkManager[930]:, <info>  [1634743529.3139] dhcp4 (ens33): option requested_routers    => '1'
6,3,Oct 20 22:25:29,ubuntu,NetworkManager[930]:, <info>  [1634743529.3139] dhcp4 (ens33): option requested_static_routes => '1'
6,3,Oct 20 22:25:29,ubuntu,NetworkManager[930]:, <info>  [1634743529.3139] dhcp4 (ens33): option requested_subnet_mask => '1'
6,3,Oct 20 22:25:29,ubuntu,NetworkManager[930]:, <info>  [1634743529.3139] dhcp4 (ens33): option requested_time_offset => '1'
6,3,Oct 20 22:25:29,ubuntu,NetworkManager[930]:, <info>  [1634743529.3139] dhcp4 (ens33): option requested_wpad       => '1'
6,3,Oct 20 22:25:29,ubuntu,NetworkManager[930]:, <info>  [1634743529.3139] dhcp4 (ens33): option routers              => '192.168.163.2'
6,3,Oct 20 22:25:29,ubuntu,NetworkManager[930]:, <info>  [1634743529.3139] dhcp4 (ens33): option subnet_mask          => '255.255.255.0'
6,3,Oct 20 22:25:29,ubuntu,NetworkManager[930]:, <info>  [1634743529.3139] dhcp4 (ens33): state changed extended -> extended
6,3,Oct 20 22:25:29,ubuntu,systemd[1]:, Starting Network Manager Script Dispatcher Service...
6,3,Oct 20 22:25:29,ubuntu,dbus-daemon[925]:, [system] Successfully activated service 'org.freedesktop.nm_dispatcher'
6,3,Oct 20 22:25:29,ubuntu,systemd[1]:, Started Network Manager Script Dispatcher Service.
6,3,Oct 20 22:25:39,ubuntu,systemd[1]:, NetworkManager-dispatcher.service: Succeeded.
6,10,Oct 20 22:30:01,ubuntu,CRON[20861]:, pam_unix(cron:session): session opened for user root by (uid=0)
6,9,Oct 20 22:30:01,ubuntu,CRON[20862]:, (root) CMD ([ -x /etc/init.d/anacron ] && if [ ! -d /run/systemd/system ]; then /usr/sbin/invoke-rc.d anacron start >/dev/null; fi)
6,10,Oct 20 22:30:01,ubuntu,CRON[20861]:, pam_unix(cron:session): session closed for user root
6,3,Oct 20 22:31:19,ubuntu,systemd[1]:, Started Run anacron jobs.
6,3,Oct 20 22:31:19,ubuntu,systemd[1]:, anacron.service: Succeeded.
5,9,Oct 20 22:31:19,ubuntu,anacron[20864]:, Anacron 2.3 started on 2021-10-20
5,9,Oct 20 22:31:19,ubuntu,anacron[20864]:, Normal exit (0 jobs run)
6,0,Oct 20 22:40:24,ubuntu,kernel:, [35921.149461] e1000: ens33 NIC Link is Down
6,3,Oct 20 22:40:30,ubuntu,NetworkManager[930]:, <info>  [1634744430.3862] device (ens33): state change: activated -> unavailable (reason 'carrier-changed', sys-iface-state: 'managed')
6,3,Oct 20 22:40:30,ubuntu,NetworkManager[930]:, <info>  [1634744430.3864] dhcp4 (ens33): canceled DHCP transaction
6,3,Oct 20 22:40:30,ubuntu,NetworkManager[930]:, <info>  [1634744430.3864] dhcp4 (ens33): state changed extended -> done
6,3,Oct 20 22:40:30,ubuntu,avahi-daemon[920]:, Withdrawing address record for 192.168.163.139 on ens33.
6,3,Oct 20 22:40:30,ubuntu,avahi-daemon[920]:, Leaving mDNS multicast group on interface ens33.IPv4 with address 192.168.163.139.
6,3,Oct 20 22:40:30,ubuntu,avahi-daemon[920]:, Interface ens33.IPv4 no longer relevant for mDNS.
6,3,Oct 20 22:40:30,ubuntu,avahi-daemon[920]:, Withdrawing address record for fe80::9fbc:3c6a:8ed1:d3f1 on ens33.
6,3,Oct 20 22:40:30,ubuntu,avahi-daemon[920]:, Leaving mDNS multicast group on interface ens33.IPv6 with address fe80::9fbc:3c6a:8ed1:d3f1.
6,3,Oct 20 22:40:30,ubuntu,avahi-daemon[920]:, Interface ens33.IPv6 no longer relevant for mDNS.
6,3,Oct 20 22:40:30,ubuntu,NetworkManager[930]:, <info>  [1634744430.3999] manager: NetworkManager state is now DISCONNECTED
6,3,Oct 20 22:40:30,ubuntu,whoopsie[1314]:, [22:40:30] offline
6,3,Oct 20 22:40:30,ubuntu,dbus-daemon[925]:, [system] Activating via systemd: service name='org.freedesktop.nm_dispatcher' unit='dbus-org.freedesktop.nm-dispatcher.service' requested by ':1.11' (uid=0 pid=930 comm="/usr/sbin/NetworkManager --no-daemon " label="unconfined")
6,3,Oct 20 22:40:30,ubuntu,NetworkManager[930]:, <info>  [1634744430.4321] device (ens33): carrier: link connected
6,3,Oct 20 22:40:30,ubuntu,NetworkManager[930]:, <info>  [1634744430.4324] device (ens33): state change: unavailable -> disconnected (reason 'carrier-changed', sys-iface-state: 'managed')
6,0,Oct 20 22:40:30,ubuntu,kernel:, [35927.201228] e1000: ens33 NIC Link is Up 1000 Mbps Full Duplex, Flow Control: None
6,3,Oct 20 22:40:30,ubuntu,systemd[1]:, Starting Network Manager Script Dispatcher Service...
6,3,Oct 20 22:40:30,ubuntu,NetworkManager[930]:, <info>  [1634744430.4481] policy: auto-activating connection 'Wired connection 1' (5e0f796d-94d1-3286-9128-c0640f25872c)
6,3,Oct 20 22:40:30,ubuntu,NetworkManager[930]:, <info>  [1634744430.4485] device (ens33): Activation: starting connection 'Wired connection 1' (5e0f796d-94d1-3286-9128-c0640f25872c)
6,3,Oct 20 22:40:30,ubuntu,NetworkManager[930]:, <info>  [1634744430.4486] device (ens33): state change: disconnected -> prepare (reason 'none', sys-iface-state: 'managed')
6,3,Oct 20 22:40:30,ubuntu,NetworkManager[930]:, <info>  [1634744430.4488] manager: NetworkManager state is now CONNECTING
6,3,Oct 20 22:40:30,ubuntu,NetworkManager[930]:, <info>  [1634744430.4490] device (ens33): state change: prepare -> config (reason 'none', sys-iface-state: 'managed')
6,3,Oct 20 22:40:30,ubuntu,NetworkManager[930]:, <info>  [1634744430.4507] device (ens33): state change: config -> ip-config (reason 'none', sys-iface-state: 'managed')
6,3,Oct 20 22:40:30,ubuntu,NetworkManager[930]:, <info>  [1634744430.4509] dhcp4 (ens33): activation: beginning transaction (timeout in 45 seconds)
6,3,Oct 20 22:40:30,ubuntu,avahi-daemon[920]:, Joining mDNS multicast group on interface ens33.IPv6 with address fe80::9fbc:3c6a:8ed1:d3f1.
6,3,Oct 20 22:40:30,ubuntu,avahi-daemon[920]:, New relevant interface ens33.IPv6 for mDNS.
6,3,Oct 20 22:40:30,ubuntu,avahi-daemon[920]:, Registering new address record for fe80::9fbc:3c6a:8ed1:d3f1 on ens33.*.
6,3,Oct 20 22:40:30,ubuntu,NetworkManager[930]:, <info>  [1634744430.4676] dhcp4 (ens33): option dhcp_lease_time      => '1800'
6,3,Oct 20 22:40:30,ubuntu,NetworkManager[930]:, <info>  [1634744430.4677] dhcp4 (ens33): option domain_name          => 'localdomain'
6,3,Oct 20 22:40:30,ubuntu,NetworkManager[930]:, <info>  [1634744430.4677] dhcp4 (ens33): option domain_name_servers  => '192.168.163.2'
6,3,Oct 20 22:40:30,ubuntu,NetworkManager[930]:, <info>  [1634744430.4677] dhcp4 (ens33): option expiry               => '1634746230'
6,3,Oct 20 22:40:30,ubuntu,NetworkManager[930]:, <info>  [1634744430.4677] dhcp4 (ens33): option ip_address           => '192.168.163.139'
6,3,Oct 20 22:40:30,ubuntu,NetworkManager[930]:, <info>  [1634744430.4677] dhcp4 (ens33): option next_server          => '192.168.163.254'
6,3,Oct 20 22:40:30,ubuntu,NetworkManager[930]:, <info>  [1634744430.4677] dhcp4 (ens33): option requested_broadcast_address => '1'
6,3,Oct 20 22:40:30,ubuntu,NetworkManager[930]:, <info>  [1634744430.4677] dhcp4 (ens33): option requested_domain_name => '1'
6,3,Oct 20 22:40:30,ubuntu,NetworkManager[930]:, <info>  [1634744430.4677] dhcp4 (ens33): option requested_domain_name_servers => '1'
6,3,Oct 20 22:40:30,ubuntu,NetworkManager[930]:, <info>  [1634744430.4677] dhcp4 (ens33): option requested_domain_search => '1'
6,3,Oct 20 22:40:30,ubuntu,NetworkManager[930]:, <info>  [1634744430.4677] dhcp4 (ens33): option requested_host_name  => '1'
6,3,Oct 20 22:40:30,ubuntu,NetworkManager[930]:, <info>  [1634744430.4677] dhcp4 (ens33): option requested_interface_mtu => '1'
6,3,Oct 20 22:40:30,ubuntu,NetworkManager[930]:, <info>  [1634744430.4677] dhcp4 (ens33): option requested_ms_classless_static_routes => '1'
6,3,Oct 20 22:40:30,ubuntu,NetworkManager[930]:, <info>  [1634744430.4677] dhcp4 (ens33): option requested_nis_domain => '1'
6,3,Oct 20 22:40:30,ubuntu,NetworkManager[930]:, <info>  [1634744430.4678] dhcp4 (ens33): option requested_nis_servers => '1'
6,3,Oct 20 22:40:30,ubuntu,NetworkManager[930]:, <info>  [1634744430.4678] dhcp4 (ens33): option requested_ntp_servers => '1'
6,3,Oct 20 22:40:30,ubuntu,NetworkManager[930]:, <info>  [1634744430.4678] dhcp4 (ens33): option requested_rfc3442_classless_static_routes => '1'
6,3,Oct 20 22:40:30,ubuntu,NetworkManager[930]:, <info>  [1634744430.4678] dhcp4 (ens33): option requested_root_path  => '1'
6,3,Oct 20 22:40:30,ubuntu,NetworkManager[930]:, <info>  [1634744430.4678] dhcp4 (ens33): option requested_routers    => '1'
6,3,Oct 20 22:40:30,ubuntu,NetworkManager[930]:, <info>  [1634744430.4678] dhcp4 (ens33): option requested_static_routes => '1'
6,3,Oct 20 22:40:30,ubuntu,NetworkManager[930]:, <info>  [1634744430.4678] dhcp4 (ens33): option requested_subnet_mask => '1'
6,3,Oct 20 22:40:30,ubuntu,NetworkManager[930]:, <info>  [1634744430.4678] dhcp4 (ens33): option requested_time_offset => '1'
6,3,Oct 20 22:40:30,ubuntu,NetworkManager[930]:, <info>  [1634744430.4678] dhcp4 (ens33): option requested_wpad       => '1'
6,3,Oct 20 22:40:30,ubuntu,NetworkManager[930]:, <info>  [1634744430.4678] dhcp4 (ens33): option routers              => '192.168.163.2'
6,3,Oct 20 22:40:30,ubuntu,NetworkManager[930]:, <info>  [1634744430.4678] dhcp4 (ens33): option subnet_mask          => '255.255.255.0'
6,3,Oct 20 22:40:30,ubuntu,NetworkManager[930]:, <info>  [1634744430.4678] dhcp4 (ens33): state changed unknown -> bound
6,3,Oct 20 22:40:30,ubuntu,NetworkManager[930]:, <info>  [1634744430.4689] device (ens33): state change: ip-config -> ip-check (reason 'none', sys-iface-state: 'managed')
6,3,Oct 20 22:40:30,ubuntu,avahi-daemon[920]:, Joining mDNS multicast group on interface ens33.IPv4 with address 192.168.163.139.
6,3,Oct 20 22:40:30,ubuntu,avahi-daemon[920]:, New relevant interface ens33.IPv4 for mDNS.
6,3,Oct 20 22:40:30,ubuntu,avahi-daemon[920]:, Registering new address record for 192.168.163.139 on ens33.IPv4.
6,3,Oct 20 22:40:30,ubuntu,whoopsie[1314]:, [22:40:30] Cannot reach: https://daisy.ubuntu.com
6,3,Oct 20 22:40:30,ubuntu,dbus-daemon[925]:, [system] Successfully activated service 'org.freedesktop.nm_dispatcher'
6,3,Oct 20 22:40:30,ubuntu,systemd[1]:, Started Network Manager Script Dispatcher Service.
6,3,Oct 20 22:40:30,ubuntu,NetworkManager[930]:, <info>  [1634744430.4962] device (ens33): state change: ip-check -> secondaries (reason 'none', sys-iface-state: 'managed')
6,3,Oct 20 22:40:30,ubuntu,NetworkManager[930]:, <info>  [1634744430.4965] device (ens33): state change: secondaries -> activated (reason 'none', sys-iface-state: 'managed')
6,3,Oct 20 22:40:30,ubuntu,NetworkManager[930]:, <info>  [1634744430.4969] manager: NetworkManager state is now CONNECTED_LOCAL
6,3,Oct 20 22:40:30,ubuntu,NetworkManager[930]:, <info>  [1634744430.4976] manager: NetworkManager state is now CONNECTED_SITE
6,3,Oct 20 22:40:30,ubuntu,NetworkManager[930]:, <info>  [1634744430.4977] policy: set 'Wired connection 1' (ens33) as default for IPv4 routing and DNS
6,3,Oct 20 22:40:30,ubuntu,NetworkManager[930]:, <info>  [1634744430.4981] device (ens33): Activation: successful, device activated.
6,3,Oct 20 22:40:30,ubuntu,nm-dispatcher[20888]:, run-parts: failed to stat component /etc/network/if-post-down.d/avahi-daemon: No such file or directory
6,3,Oct 20 22:40:30,ubuntu,nm-dispatcher[20904]:, postconf: fatal: open /etc/postfix/main.cf: No such file or directory
4,3,Oct 20 22:40:30,ubuntu,systemd-resolved[871]:, Using degraded feature set (UDP) for DNS server 192.168.163.2.
6,3,Oct 20 22:40:31,ubuntu,NetworkManager[930]:, <info>  [1634744431.0169] manager: NetworkManager state is now CONNECTED_GLOBAL
6,3,Oct 20 22:40:31,ubuntu,whoopsie[1314]:, [22:40:31] The default IPv4 route is: /org/freedesktop/NetworkManager/ActiveConnection/5
6,3,Oct 20 22:40:31,ubuntu,whoopsie[1314]:, [22:40:31] Not a paid data plan: /org/freedesktop/NetworkManager/ActiveConnection/5
6,3,Oct 20 22:40:31,ubuntu,whoopsie[1314]:, [22:40:31] Found usable connection: /org/freedesktop/NetworkManager/ActiveConnection/5
6,3,Oct 20 22:40:31,ubuntu,nm-dispatcher[20913]:, postconf: fatal: open /etc/postfix/main.cf: No such file or directory
6,3,Oct 20 22:40:33,ubuntu,whoopsie[1314]:, [22:40:33] online
6,3,Oct 20 22:40:42,ubuntu,systemd[1]:, NetworkManager-dispatcher.service: Succeeded.
6,3,Oct 20 22:55:30,ubuntu,NetworkManager[930]:, <info>  [1634745330.4925] dhcp4 (ens33): option dhcp_lease_time      => '1800'
6,3,Oct 20 22:55:30,ubuntu,NetworkManager[930]:, <info>  [1634745330.4925] dhcp4 (ens33): option domain_name          => 'localdomain'
6,3,Oct 20 22:55:30,ubuntu,dbus-daemon[925]:, [system] Activating via systemd: service name='org.freedesktop.nm_dispatcher' unit='dbus-org.freedesktop.nm-dispatcher.service' requested by ':1.11' (uid=0 pid=930 comm="/usr/sbin/NetworkManager --no-daemon " label="unconfined")
6,3,Oct 20 22:55:30,ubuntu,NetworkManager[930]:, <info>  [1634745330.4925] dhcp4 (ens33): option domain_name_servers  => '192.168.163.2'
6,3,Oct 20 22:55:30,ubuntu,NetworkManager[930]:, <info>  [1634745330.4925] dhcp4 (ens33): option expiry               => '1634747130'
6,3,Oct 20 22:55:30,ubuntu,NetworkManager[930]:, <info>  [1634745330.4925] dhcp4 (ens33): option ip_address           => '192.168.163.139'
6,3,Oct 20 22:55:30,ubuntu,NetworkManager[930]:, <info>  [1634745330.4926] dhcp4 (ens33): option next_server          => '192.168.163.254'
6,3,Oct 20 22:55:30,ubuntu,NetworkManager[930]:, <info>  [1634745330.4926] dhcp4 (ens33): option requested_broadcast_address => '1'
6,3,Oct 20 22:55:30,ubuntu,NetworkManager[930]:, <info>  [1634745330.4926] dhcp4 (ens33): option requested_domain_name => '1'
6,3,Oct 20 22:55:30,ubuntu,NetworkManager[930]:, <info>  [1634745330.4926] dhcp4 (ens33): option requested_domain_name_servers => '1'
6,3,Oct 20 22:55:30,ubuntu,NetworkManager[930]:, <info>  [1634745330.4926] dhcp4 (ens33): option requested_domain_search => '1'
6,3,Oct 20 22:55:30,ubuntu,NetworkManager[930]:, <info>  [1634745330.4926] dhcp4 (ens33): option requested_host_name  => '1'
6,3,Oct 20 22:55:30,ubuntu,NetworkManager[930]:, <info>  [1634745330.4926] dhcp4 (ens33): option requested_interface_mtu => '1'
6,3,Oct 20 22:55:30,ubuntu,NetworkManager[930]:, <info>  [1634745330.4926] dhcp4 (ens33): option requested_ms_classless_static_routes => '1'
6,3,Oct 20 22:55:30,ubuntu,NetworkManager[930]:, <info>  [1634745330.4926] dhcp4 (ens33): option requested_nis_domain => '1'
6,3,Oct 20 22:55:30,ubuntu,NetworkManager[930]:, <info>  [1634745330.4926] dhcp4 (ens33): option requested_nis_servers => '1'
6,3,Oct 20 22:55:30,ubuntu,NetworkManager[930]:, <info>  [1634745330.4926] dhcp4 (ens33): option requested_ntp_servers => '1'
6,3,Oct 20 22:55:30,ubuntu,NetworkManager[930]:, <info>  [1634745330.4926] dhcp4 (ens33): option requested_rfc3442_classless_static_routes => '1'
6,3,Oct 20 22:55:30,ubuntu,NetworkManager[930]:, <info>  [1634745330.4926] dhcp4 (ens33): option requested_root_path  => '1'
6,3,Oct 20 22:55:30,ubuntu,NetworkManager[930]:, <info>  [1634745330.4926] dhcp4 (ens33): option requested_routers    => '1'
6,3,Oct 20 22:55:30,ubuntu,NetworkManager[930]:, <info>  [1634745330.4926] dhcp4 (ens33): option requested_static_routes => '1'
6,3,Oct 20 22:55:30,ubuntu,NetworkManager[930]:, <info>  [1634745330.4927] dhcp4 (ens33): option requested_subnet_mask => '1'
6,3,Oct 20 22:55:30,ubuntu,NetworkManager[930]:, <info>  [1634745330.4927] dhcp4 (ens33): option requested_time_offset => '1'
6,3,Oct 20 22:55:30,ubuntu,NetworkManager[930]:, <info>  [1634745330.4927] dhcp4 (ens33): option requested_wpad       => '1'
6,3,Oct 20 22:55:30,ubuntu,NetworkManager[930]:, <info>  [1634745330.4927] dhcp4 (ens33): option routers              => '192.168.163.2'
6,3,Oct 20 22:55:30,ubuntu,NetworkManager[930]:, <info>  [1634745330.4927] dhcp4 (ens33): option subnet_mask          => '255.255.255.0'
6,3,Oct 20 22:55:30,ubuntu,NetworkManager[930]:, <info>  [1634745330.4927] dhcp4 (ens33): state changed bound -> extended
6,3,Oct 20 22:55:30,ubuntu,systemd[1]:, Starting Network Manager Script Dispatcher Service...
6,3,Oct 20 22:55:30,ubuntu,dbus-daemon[925]:, [system] Successfully activated service 'org.freedesktop.nm_dispatcher'
6,3,Oct 20 22:55:30,ubuntu,systemd[1]:, Started Network Manager Script Dispatcher Service.
6,3,Oct 20 22:55:40,ubuntu,systemd[1]:, NetworkManager-dispatcher.service: Succeeded.
6,3,Oct 20 22:56:36,ubuntu,dbus-daemon[925]:, [system] Activating via systemd: service name='net.reactivated.Fprint' unit='fprintd.service' requested by ':1.83' (uid=1000 pid=2611 comm="/usr/bin/gnome-shell " label="unconfined")
6,3,Oct 20 22:56:36,ubuntu,systemd[1]:, Starting Fingerprint Authentication Daemon...
6,3,Oct 20 22:56:36,ubuntu,dbus-daemon[925]:, [system] Successfully activated service 'net.reactivated.Fprint'
6,3,Oct 20 22:56:36,ubuntu,systemd[1]:, Started Fingerprint Authentication Daemon.
5,10,Oct 20 22:56:36,ubuntu,gdm-password]:, pam_unix(gdm-password:auth): Couldn't open /etc/securetty: No such file or directory
5,10,Oct 20 22:56:39,ubuntu,gdm-password]:, pam_unix(gdm-password:auth): Couldn't open /etc/securetty: No such file or directory
6,10,Oct 20 22:56:39,ubuntu,gdm-password]:, gkr-pam: unlocked login keyring
6,3,Oct 20 22:56:39,ubuntu,NetworkManager[930]:, <info>  [1634745399.3369] agent-manager: agent[5242132eb0d6182d,:1.83/org.gnome.Shell.NetworkAgent/1000]: agent registered
6,3,Oct 20 22:56:39,ubuntu,dbus-daemon[2340]:, [session uid=1000 pid=2340] Activating service name='org.freedesktop.FileManager1' requested by ':1.28' (uid=1000 pid=2611 comm="/usr/bin/gnome-shell " label="unconfined")
6,3,Oct 20 22:56:39,ubuntu,dbus-daemon[2340]:, [session uid=1000 pid=2340] Activating service name='org.gnome.Nautilus' requested by ':1.28' (uid=1000 pid=2611 comm="/usr/bin/gnome-shell " label="unconfined")
6,3,Oct 20 22:56:39,ubuntu,dbus-daemon[2340]:, [session uid=1000 pid=2340] Successfully activated service 'org.gnome.Nautilus'
4,1,Oct 20 22:56:40,ubuntu,org.gnome.Nautilus[20962]:, Failed to register: Unable to acquire bus name 'org.gnome.Nautilus'
6,3,Oct 20 22:56:40,ubuntu,dbus-daemon[2340]:, [session uid=1000 pid=2340] Successfully activated service 'org.freedesktop.FileManager1'
6,3,Oct 20 22:56:40,ubuntu,gnome-shell[2611]:, Window manager warning: Overwriting existing binding of keysym 31 with keysym 31 (keycode a).
6,3,Oct 20 22:56:40,ubuntu,gnome-shell[2611]:, Window manager warning: Overwriting existing binding of keysym 38 with keysym 38 (keycode 11).
6,3,Oct 20 22:56:40,ubuntu,gnome-shell[2611]:, Window manager warning: Overwriting existing binding of keysym 39 with keysym 39 (keycode 12).
6,3,Oct 20 22:56:40,ubuntu,gnome-shell[2611]:, Window manager warning: Overwriting existing binding of keysym 32 with keysym 32 (keycode b).
6,3,Oct 20 22:56:40,ubuntu,gnome-shell[2611]:, Window manager warning: Overwriting existing binding of keysym 33 with keysym 33 (keycode c).
6,3,Oct 20 22:56:40,ubuntu,gnome-shell[2611]:, Window manager warning: Overwriting existing binding of keysym 35 with keysym 35 (keycode e).
6,3,Oct 20 22:56:40,ubuntu,gnome-shell[2611]:, Window manager warning: Overwriting existing binding of keysym 34 with keysym 34 (keycode d).
6,3,Oct 20 22:56:40,ubuntu,gnome-shell[2611]:, Window manager warning: Overwriting existing binding of keysym 36 with keysym 36 (keycode f).
6,3,Oct 20 22:56:40,ubuntu,gnome-shell[2611]:, Window manager warning: Overwriting existing binding of keysym 37 with keysym 37 (keycode 10).
4,1,Oct 20 22:56:40,ubuntu,gnome-shell[2611]:, ../clutter/clutter/clutter-actor.c:10558: The clutter_actor_set_allocation() function can only be called from within the implementation of the ClutterActor::allocate() virtual function.
6,3,Oct 20 22:56:42,ubuntu,dbus-daemon[925]:, [system] Activating via systemd: service name='org.freedesktop.PackageKit' unit='packagekit.service' requested by ':1.83' (uid=1000 pid=2611 comm="/usr/bin/gnome-shell " label="unconfined")
6,3,Oct 20 22:56:42,ubuntu,systemd[1]:, Starting PackageKit Daemon...
7,3,Oct 20 22:56:42,ubuntu,PackageKit:, daemon start
6,3,Oct 20 22:56:42,ubuntu,dbus-daemon[925]:, [system] Successfully activated service 'org.freedesktop.PackageKit'
6,3,Oct 20 22:56:42,ubuntu,systemd[1]:, Started PackageKit Daemon.
5,1,Oct 20 22:56:42,ubuntu,gnome-shell[2611]:, endSessionDialog: No XDG_SESSION_ID, fetched from logind: 3
6,3,Oct 20 22:56:43,ubuntu,systemd[2325]:, Stopped target GNOME Wacom handling.
6,3,Oct 20 22:56:43,ubuntu,systemd[2325]:, gsd-wacom.service: Succeeded.
6,3,Oct 20 22:56:43,ubuntu,systemd[2325]:, Stopped GNOME Wacom handling.
6,3,Oct 20 22:56:43,ubuntu,systemd[2325]:, gsd-screensaver-proxy.service: Succeeded.
6,3,Oct 20 22:56:43,ubuntu,systemd[2325]:, gsd-housekeeping.service: Succeeded.
6,3,Oct 20 22:56:43,ubuntu,systemd[2325]:, Stopped target GNOME Maintenance of expirable data.
6,3,Oct 20 22:56:43,ubuntu,systemd[2325]:, Stopped target GNOME Media keys handling.
6,3,Oct 20 22:56:43,ubuntu,systemd[2325]:, Stopped target GNOME Freedesktop screensaver handling.
6,3,Oct 20 22:56:43,ubuntu,systemd[2325]:, Stopped target GNOME Date & Time handling.
6,3,Oct 20 22:56:43,ubuntu,systemd[2325]:, gsd-media-keys.service: Succeeded.
6,3,Oct 20 22:56:43,ubuntu,systemd[2325]:, Stopped GNOME Media keys handling.
6,3,Oct 20 22:56:43,ubuntu,systemd[2325]:, gsd-datetime.service: Succeeded.
6,3,Oct 20 22:56:43,ubuntu,systemd[2325]:, Stopped GNOME Date & Time handling.
7,0,Oct 20 22:56:43,ubuntu,kernel:, [36900.582882] rfkill: input handler enabled
5,4,Oct 20 22:56:43,ubuntu,systemd-logind[959]:, System is powering down.
6,3,Oct 20 22:56:43,ubuntu,systemd[1]:, unattended-upgrades.service: Succeeded.
6,3,Oct 20 22:56:43,ubuntu,systemd[2325]:, at-spi-dbus-bus.service: Succeeded.
6,3,Oct 20 22:56:43,ubuntu,systemd[2325]:, gsd-a11y-settings.service: Succeeded.
6,3,Oct 20 22:56:43,ubuntu,systemd[2325]:, gsd-color.service: Succeeded.
6,3,Oct 20 22:56:43,ubuntu,systemd[2325]:, gsd-keyboard.service: Succeeded.
6,3,Oct 20 22:56:43,ubuntu,systemd[2325]:, gsd-power.service: Succeeded.
5,1,Oct 20 22:56:43,ubuntu,gnome-shell[2611]:, gnome-shell: Fatal IO error 11 (Resource temporarily unavailable) on X server :0.
6,3,Oct 20 22:56:43,ubuntu,systemd[1]:, Stopping Session 3 of user wintltr.
6,3,Oct 20 22:56:43,ubuntu,systemd[1]:, Removed slice system-getty.slice.
6,3,Oct 20 22:56:43,ubuntu,systemd[1]:, Removed slice system-modprobe.slice.
6,3,Oct 20 22:56:43,ubuntu,systemd[1]:, Removed slice system-postfix.slice.
6,3,Oct 20 22:56:43,ubuntu,systemd[1]:, Stopped target Bluetooth.
6,3,Oct 20 22:56:43,ubuntu,systemd[1]:, Stopped target Graphical Interface.
6,3,Oct 20 22:56:43,ubuntu,systemd[1]:, Stopped target Multi-User System.
6,3,Oct 20 22:56:43,ubuntu,systemd[1]:, Stopped target Login Prompts.
6,3,Oct 20 22:56:43,ubuntu,systemd[1]:, Stopped target Sound Card.
6,3,Oct 20 22:56:43,ubuntu,systemd[1]:, Stopped target Timers.
6,3,Oct 20 22:56:43,ubuntu,systemd[1]:, anacron.timer: Succeeded.
6,3,Oct 20 22:56:43,ubuntu,systemd[1]:, Stopped Trigger anacron every hour.
6,3,Oct 20 22:56:43,ubuntu,systemd[1]:, apt-daily-upgrade.timer: Succeeded.
6,3,Oct 20 22:56:43,ubuntu,systemd[1]:, Stopped Daily apt upgrade and clean activities.
6,3,Oct 20 22:56:43,ubuntu,systemd[1]:, apt-daily.timer: Succeeded.
6,3,Oct 20 22:56:43,ubuntu,systemd[1]:, Stopped Daily apt download activities.
6,3,Oct 20 22:56:43,ubuntu,systemd[1]:, e2scrub_all.timer: Succeeded.
6,3,Oct 20 22:56:43,ubuntu,systemd[1]:, Stopped Periodic ext4 Online Metadata Check for All Filesystems.
6,3,Oct 20 22:56:43,ubuntu,systemd[1]:, fstrim.timer: Succeeded.
6,3,Oct 20 22:56:43,ubuntu,systemd[1]:, Stopped Discard unused blocks once a week.
6,3,Oct 20 22:56:43,ubuntu,systemd[1]:, fwupd-refresh.timer: Succeeded.
6,3,Oct 20 22:56:43,ubuntu,systemd[1]:, Stopped Refresh fwupd metadata regularly.
6,3,Oct 20 22:56:43,ubuntu,systemd[1]:, logrotate.timer: Succeeded.
6,3,Oct 20 22:56:43,ubuntu,systemd[1]:, Stopped Daily rotation of log files.
6,3,Oct 20 22:56:43,ubuntu,systemd[1]:, man-db.timer: Succeeded.
6,3,Oct 20 22:56:43,ubuntu,systemd[1]:, Stopped Daily man-db regeneration.
6,3,Oct 20 22:56:43,ubuntu,systemd[1]:, motd-news.timer: Succeeded.
6,3,Oct 20 22:56:43,ubuntu,systemd[1]:, Stopped Message of the Day.
6,3,Oct 20 22:56:43,ubuntu,systemd[1]:, systemd-tmpfiles-clean.timer: Succeeded.
6,3,Oct 20 22:56:43,ubuntu,systemd[1]:, Stopped Daily Cleanup of Temporary Directories.
6,3,Oct 20 22:56:43,ubuntu,systemd[1]:, systemd-rfkill.socket: Succeeded.
6,3,Oct 20 22:56:43,ubuntu,systemd[1]:, Closed Load/Save RF Kill Switch Status /dev/rfkill Watch.
6,3,Oct 20 22:56:43,ubuntu,ModemManager[1026]:, <info>  Caught signal, shutting down...
5,1,Oct 20 22:56:43,ubuntu,update-notifier[6929]:, update-notifier: Fatal IO error 11 (Resource temporarily unavailable) on X server :0.
6,3,Oct 20 22:56:44,ubuntu,NetworkManager[930]:, <info>  [1634745404.0053] modem-manager: ModemManager no longer available
6,3,Oct 20 22:56:44,ubuntu,ModemManager[1026]:, <info>  ModemManager is shut down
6,3,Oct 20 22:56:44,ubuntu,systemd[1]:, Stopping Modem Manager...
5,1,Oct 20 22:56:44,ubuntu,nautilus[20956]:, org.gnome.Nautilus: Fatal IO error 11 (Resource temporarily unavailable) on X server :0.
5,1,Oct 20 22:56:44,ubuntu,evolution-alarm[2876]:, evolution-alarm-notify: Fatal IO error 11 (Resource temporarily unavailable) on X server :0.
6,3,Oct 20 22:56:44,ubuntu,systemd[1]:, Stopping Accounts Service...
6,3,Oct 20 22:56:44,ubuntu,systemd[1]:, Stopping ACPI event daemon...
4,1,Oct 20 22:56:44,ubuntu,/usr/lib/gdm3/gdm-x-session[2443, (**) Option "fd" "24"
4,1,Oct 20 22:56:44,ubuntu,/usr/lib/gdm3/gdm-x-session[2443, (II) event0  - Power Button: device removed
4,1,Oct 20 22:56:44,ubuntu,/usr/lib/gdm3/gdm-x-session[2443, (**) Option "fd" "27"
4,1,Oct 20 22:56:44,ubuntu,/usr/lib/gdm3/gdm-x-session[2443, (II) event4  - VMware VMware Virtual USB Mouse: device removed
4,1,Oct 20 22:56:44,ubuntu,/usr/lib/gdm3/gdm-x-session[2443, (**) Option "fd" "28"
4,1,Oct 20 22:56:44,ubuntu,/usr/lib/gdm3/gdm-x-session[2443, (II) event1  - AT Translated Set 2 keyboard: device removed
4,1,Oct 20 22:56:44,ubuntu,/usr/lib/gdm3/gdm-x-session[2443, (**) Option "fd" "29"
4,1,Oct 20 22:56:44,ubuntu,/usr/lib/gdm3/gdm-x-session[2443, (II) event3  - VirtualPS/2 VMware VMMouse: device removed
4,1,Oct 20 22:56:44,ubuntu,/usr/lib/gdm3/gdm-x-session[2443, (**) Option "fd" "30"
4,1,Oct 20 22:56:44,ubuntu,/usr/lib/gdm3/gdm-x-session[2443, (II) event2  - VirtualPS/2 VMware VMMouse: device removed
6,3,Oct 20 22:56:44,ubuntu,systemd[2325]:, gsd-print-notifications.service: Succeeded.
6,3,Oct 20 22:56:44,ubuntu,systemd[2325]:, Stopped GNOME Printer notifications.
6,3,Oct 20 22:56:44,ubuntu,systemd[2325]:, gsd-rfkill.service: Succeeded.
6,3,Oct 20 22:56:44,ubuntu,systemd[2325]:, Stopped GNOME RFKill handling.
4,1,Oct 20 22:56:44,ubuntu,/usr/lib/gdm3/gdm-x-session[2443, (II) UnloadModule: "libinput"
6,3,Oct 20 22:56:44,ubuntu,systemd[2325]:, gsd-sharing.service: Succeeded.
4,1,Oct 20 22:56:44,ubuntu,/usr/lib/gdm3/gdm-x-session[2443, (II) systemd-logind: releasing fd for 13:66
6,3,Oct 20 22:56:44,ubuntu,systemd[2325]:, Stopped GNOME Sharing handling.
6,3,Oct 20 22:56:44,ubuntu,systemd[1]:, Stopping Save/Restore Sound Card State...
6,3,Oct 20 22:56:44,ubuntu,systemd[1]:, Stopping AnyDesk...
4,1,Oct 20 22:56:44,ubuntu,anydesk_global_tray.desktop[2887, anydesk: Fatal IO error 11 (Resource temporarily unavailable) on X server :0.
4,1,Oct 20 22:56:44,ubuntu,anydesk_global_tray.desktop[2887, anydesk: Fatal IO error 11 (Resource temporarily unavailable) on X server :0.
6,3,Oct 20 22:56:44,ubuntu,systemd[1]:, Stopping The Apache HTTP Server...
6,3,Oct 20 22:56:44,ubuntu,systemd[2325]:, gsd-smartcard.service: Succeeded.
6,3,Oct 20 22:56:44,ubuntu,systemd[2325]:, Stopped GNOME Smartcard handling.
6,3,Oct 20 22:56:44,ubuntu,systemd[2325]:, gsd-sound.service: Succeeded.
6,3,Oct 20 22:56:44,ubuntu,systemd[2325]:, Stopped GNOME Sound sample caching handling.
6,3,Oct 20 22:56:44,ubuntu,systemd[1]:, Stopping LSB: automatic crash report generation...
6,3,Oct 20 22:56:44,ubuntu,bluetoothd[921]:, Terminating
6,3,Oct 20 22:56:44,ubuntu,bluetoothd[921]:, Endpoint unregistered: sender=:1.74 path=/MediaEndpoint/A2DPSink/sbc
6,3,Oct 20 22:56:44,ubuntu,bluetoothd[921]:, Endpoint unregistered: sender=:1.74 path=/MediaEndpoint/A2DPSource/sbc
6,3,Oct 20 22:56:44,ubuntu,bluetoothd[921]:, Stopping SDP server
6,3,Oct 20 22:56:44,ubuntu,bluetoothd[921]:, Exit
5,4,Oct 20 22:56:44,ubuntu,dbus-daemon[925]:, [system] Rejected send message, 0 matched rules; type="error", sender=":1.74" (uid=1000 pid=2331 comm="/usr/bin/pulseaudio --daemonize=no --log-target=jo" label="unconfined") interface="(unset)" member="(unset)" error name="org.freedesktop.DBus.Error.UnknownMethod" requested_reply="0" destination=":1.3" (uid=0 pid=921 comm="/usr/lib/bluetooth/bluetoothd " label="unconfined")
5,4,Oct 20 22:56:44,ubuntu,dbus-daemon[925]:, [system] Rejected send message, 0 matched rules; type="error", sender=":1.74" (uid=1000 pid=2331 comm="/usr/bin/pulseaudio --daemonize=no --log-target=jo" label="unconfined") interface="(unset)" member="(unset)" error name="org.freedesktop.DBus.Error.UnknownMethod" requested_reply="0" destination=":1.3" (uid=0 pid=921 comm="/usr/lib/bluetooth/bluetoothd " label="unconfined")
6,3,Oct 20 22:56:44,ubuntu,systemd[1]:, Stopping Bluetooth service...
6,3,Oct 20 22:56:44,ubuntu,systemd[2325]:, gsd-usb-protection.service: Succeeded.
6,3,Oct 20 22:56:44,ubuntu,systemd[2325]:, Stopped GNOME USB protection handling.
6,3,Oct 20 22:56:44,ubuntu,systemd[2325]:, gsd-wwan.service: Succeeded.
6,3,Oct 20 22:56:44,ubuntu,systemd[2325]:, Stopped GNOME WWan management.
6,3,Oct 20 22:56:44,ubuntu,systemd[2325]:, gsd-xsettings.service: Succeeded.
6,3,Oct 20 22:56:44,ubuntu,systemd[2325]:, Stopped GNOME XSettings.
6,3,Oct 20 22:56:44,ubuntu,systemd[1]:, Stopping Manage, Install and Generate Color Profiles...
6,3,Oct 20 22:56:44,ubuntu,systemd[1]:, Stopping Regular background program processing daemon...
6,3,Oct 20 22:56:44,ubuntu,systemd[1]:, Stopping Make remote CUPS printers available locally...
4,1,Oct 20 22:56:44,ubuntu,ibus-daemon[2656]:, GChildWatchSource: Exit status of a child process was requested but ECHILD was received by waitpid(). See the documentation of g_child_watch_source_new() for possible causes.
6,3,Oct 20 22:56:44,ubuntu,systemd[1]:, Stopping Fingerprint Authentication Daemon...
6,3,Oct 20 22:56:44,ubuntu,systemd[1]:, Stopping GNOME Display Manager...
6,3,Oct 20 22:56:44,ubuntu,systemd[1]:, Stopping LSB: Record successful boot for GRUB...
6,3,Oct 20 22:56:44,ubuntu,systemd[2325]:, gnome-shell-x11.service: Succeeded.
6,3,Oct 20 22:56:44,ubuntu,systemd[2325]:, Stopped GNOME Shell on X11.
6,3,Oct 20 22:56:44,ubuntu,systemd[1]:, Stopping LSB: GNU Network Utilities syslog daemon...
6,3,Oct 20 22:56:44,ubuntu,systemd[1]:, Stopping irqbalance daemon...
6,3,Oct 20 22:56:44,ubuntu,systemd[1]:, Stopping Tool to automatically collect and submit kernel crash signatures...
6,3,Oct 20 22:56:44,ubuntu,systemd[1]:, Stopping Dispatcher daemon for systemd-networkd...
6,3,Oct 20 22:56:44,ubuntu,systemd[1]:, openvpn.service: Succeeded.
6,3,Oct 20 22:56:44,ubuntu,systemd[1]:, Stopped OpenVPN service.
6,3,Oct 20 22:56:44,ubuntu,systemd[1]:, Stopping LSB: Start and stop OSSEC HIDS...
