4,1,1635320993,ubuntu,gnome-shell[2664]:, STACK_OP_ADD: window 0x2000001 already in stack
4,1,1635320993,ubuntu,gnome-shell[2664]:, STACK_OP_ADD: window 0x2000001 already in stack
6,5,1635320993,ubuntu,rsyslogd:, action 'action-7-builtin:omfwd' resumed (module 'builtin:omfwd') [v8.2001.0 try https://www.rsyslog.com/e/2359 ]
6,9,1635320993,ubuntu,systemd-timesyncd[869]:, Initial synchronization to time server 91.189.89.198:123 (ntp.ubuntu.com).
6,3,1635320993,ubuntu,gnome-shell[2664]:, Window manager warning: Overwriting existing binding of keysym 31 with keysym 31 (keycode a).
6,3,1635320993,ubuntu,gnome-shell[2664]:, Window manager warning: Overwriting existing binding of keysym 32 with keysym 32 (keycode b).
6,3,1635320993,ubuntu,gnome-shell[2664]:, Window manager warning: Overwriting existing binding of keysym 38 with keysym 38 (keycode 11).
6,3,1635320993,ubuntu,gnome-shell[2664]:, Window manager warning: Overwriting existing binding of keysym 39 with keysym 39 (keycode 12).
6,3,1635320993,ubuntu,gnome-shell[2664]:, Window manager warning: Overwriting existing binding of keysym 33 with keysym 33 (keycode c).
6,3,1635320993,ubuntu,gnome-shell[2664]:, Window manager warning: Overwriting existing binding of keysym 34 with keysym 34 (keycode d).
6,3,1635320993,ubuntu,gnome-shell[2664]:, Window manager warning: Overwriting existing binding of keysym 36 with keysym 36 (keycode f).
6,3,1635320993,ubuntu,gnome-shell[2664]:, Window manager warning: Overwriting existing binding of keysym 35 with keysym 35 (keycode e).
6,3,1635320993,ubuntu,gnome-shell[2664]:, Window manager warning: Overwriting existing binding of keysym 37 with keysym 37 (keycode 10).
6,3,1635320993,ubuntu,systemd[2399]:, tracker-extract.service: Succeeded.
5,1,1635320993,ubuntu,gnome-shell[2664]:, GNOME Shell started at Wed Oct 27 2021 14:49:29 GMT+0700 (+07)
5,1,1635320993,ubuntu,gnome-shell[2664]:, Registering session with GDM
4,1,1635320993,ubuntu,gnome-shell[1344]:, Connection to xwayland lost
4,1,1635320993,ubuntu,gsd-rfkill[1928]:, Error releasing name org.gnome.SettingsDaemon.Rfkill: The connection is closed
4,1,1635320993,ubuntu,gsd-sharing[1919]:, Error releasing name org.gnome.SettingsDaemon.Sharing: The connection is closed
6,1,1635320993,ubuntu,gnome-session[1250]:, gnome-session-binary[1250]: WARNING: Lost name on bus: org.gnome.SessionManager
4,3,1635320993,ubuntu,gnome-session-binary[1250]:, WARNING: Lost name on bus: org.gnome.SessionManager
6,1,1635320993,ubuntu,gnome-session[1250]:, gnome-session-binary[1250]: CRITICAL: We failed, but the fail whale is dead. Sorry....
2,3,1635320993,ubuntu,gnome-session-binary[1250]:, CRITICAL: We failed, but the fail whale is dead. Sorry....
6,10,1635320993,ubuntu,gdm-launch-environment]:, pam_unix(gdm-launch-environment:session): session closed for user gdm
6,4,1635320993,ubuntu,systemd-logind[958]:, Session c1 logged out. Waiting for processes to exit.
6,3,1635320993,ubuntu,systemd[1164]:, pulseaudio.service: Succeeded.
6,3,1635320993,ubuntu,systemd[1]:, session-c1.scope: Succeeded.
6,4,1635320993,ubuntu,systemd-logind[958]:, Removed session c1.
5,10,1635320993,ubuntu,polkitd(authority=local):, Unregistered Authentication Agent for unix-session:c1 (system bus name :1.43, object path /org/freedesktop/PolicyKit1/AuthenticationAgent, locale en_US.UTF-8) (disconnected from bus)
6,3,1635320993,ubuntu,tracker-store[1567]:, OK
6,3,1635320993,ubuntu,systemd[1164]:, tracker-store.service: Succeeded.
6,0,1635320993,ubuntu,kernel:, [   43.317663] perf: interrupt took too long (5093 > 5078), lowering kernel.perf_event_max_sample_rate to 39250
6,3,1635320993,ubuntu,systemd[1]:, fprintd.service: Succeeded.
6,3,1635320993,ubuntu,systemd[1]:, Stopping User Manager for UID 125...
6,3,1635320993,ubuntu,systemd[1164]:, Stopped target Main User Target.
6,3,1635320993,ubuntu,systemd[1164]:, Stopping D-Bus User Message Bus...
6,3,1635320993,ubuntu,systemd[1164]:, Stopping Virtual filesystem service - Apple File Conduit monitor...
6,3,1635320993,ubuntu,systemd[1164]:, Stopping Virtual filesystem service...
6,3,1635320993,ubuntu,systemd[1164]:, Stopping Virtual filesystem service - GNOME Online Accounts monitor...
6,3,1635320993,ubuntu,systemd[1164]:, Stopping Virtual filesystem service - digital camera monitor...
6,3,1635320993,ubuntu,systemd[1164]:, Stopping Virtual filesystem service - Media Transfer Protocol monitor...
6,3,1635320993,ubuntu,tracker-miner-fs[1238]:, Received signal:15->'Terminated'
4,1,1635320993,ubuntu,tracker-miner-f[1238]:, Error while sending AddMatch() message: The connection is closed
4,1,1635320993,ubuntu,tracker-miner-f[1238]:, message repeated 2 times: [ Error while sending AddMatch() message: The connection is closed]
6,3,1635320993,ubuntu,systemd[1164]:, Stopping Virtual filesystem service - disk device monitor...
6,3,1635320993,ubuntu,systemd[1164]:, Stopping Tracker file system data miner...
6,3,1635320993,ubuntu,systemd[1164]:, gvfs-udisks2-volume-monitor.service: Succeeded.
6,3,1635320993,ubuntu,systemd[1164]:, Stopped Virtual filesystem service - disk device monitor.
6,3,1635320993,ubuntu,systemd[2399]:, run-user-125-gvfs.mount: Succeeded.
6,3,1635320993,ubuntu,systemd[1]:, run-user-125-gvfs.mount: Succeeded.
6,3,1635320993,ubuntu,tracker-miner-fs[1238]:, OK
6,3,1635320993,ubuntu,systemd[1164]:, gvfs-goa-volume-monitor.service: Succeeded.
6,3,1635320993,ubuntu,systemd[1164]:, Stopped Virtual filesystem service - GNOME Online Accounts monitor.
6,3,1635320993,ubuntu,systemd[1164]:, run-user-125-gvfs.mount: Succeeded.
6,3,1635320993,ubuntu,systemd[1164]:, tracker-miner-fs.service: Succeeded.
6,3,1635320993,ubuntu,systemd[1164]:, Stopped Tracker file system data miner.
6,3,1635320993,ubuntu,systemd[1164]:, dbus.service: Succeeded.
6,3,1635320993,ubuntu,systemd[1164]:, Stopped D-Bus User Message Bus.
6,3,1635320993,ubuntu,systemd[1164]:, gvfs-gphoto2-volume-monitor.service: Succeeded.
6,3,1635320993,ubuntu,systemd[1164]:, Stopped Virtual filesystem service - digital camera monitor.
6,3,1635320993,ubuntu,systemd[1164]:, gvfs-mtp-volume-monitor.service: Succeeded.
6,3,1635320993,ubuntu,systemd[1164]:, Stopped Virtual filesystem service - Media Transfer Protocol monitor.
6,3,1635320993,ubuntu,systemd[1164]:, gvfs-afc-volume-monitor.service: Succeeded.
6,3,1635320993,ubuntu,systemd[1164]:, Stopped Virtual filesystem service - Apple File Conduit monitor.
6,3,1635320993,ubuntu,systemd[1164]:, gvfs-daemon.service: Succeeded.
6,3,1635320993,ubuntu,systemd[1164]:, Stopped Virtual filesystem service.
6,3,1635320993,ubuntu,systemd[1164]:, Stopped target Basic System.
6,3,1635320993,ubuntu,systemd[1164]:, Stopped target Paths.
6,3,1635320993,ubuntu,systemd[1164]:, ubuntu-report.path: Succeeded.
6,3,1635320993,ubuntu,systemd[1164]:, Stopped Pending report trigger for Ubuntu Report.
6,3,1635320993,ubuntu,systemd[1164]:, Stopped target Sockets.
6,3,1635320993,ubuntu,systemd[1164]:, Stopped target Timers.
6,3,1635320993,ubuntu,systemd[1164]:, dbus.socket: Succeeded.
6,3,1635320993,ubuntu,systemd[1164]:, Closed D-Bus User Message Bus Socket.
6,3,1635320993,ubuntu,systemd[1164]:, dirmngr.socket: Succeeded.
6,3,1635320993,ubuntu,systemd[1164]:, Closed GnuPG network certificate management daemon.
6,3,1635320993,ubuntu,systemd[1164]:, gpg-agent-browser.socket: Succeeded.
6,3,1635320993,ubuntu,systemd[1164]:, Closed GnuPG cryptographic agent and passphrase cache (access for web browsers).
6,3,1635320993,ubuntu,systemd[1164]:, gpg-agent-extra.socket: Succeeded.
6,3,1635320993,ubuntu,systemd[1164]:, Closed GnuPG cryptographic agent and passphrase cache (restricted).
6,3,1635320993,ubuntu,systemd[1164]:, gpg-agent-ssh.socket: Succeeded.
6,3,1635320993,ubuntu,systemd[1164]:, Closed GnuPG cryptographic agent (ssh-agent emulation).
6,3,1635320993,ubuntu,systemd[1164]:, gpg-agent.socket: Succeeded.
6,3,1635320993,ubuntu,systemd[1164]:, Closed GnuPG cryptographic agent and passphrase cache.
6,3,1635320993,ubuntu,systemd[1164]:, pk-debconf-helper.socket: Succeeded.
6,3,1635320993,ubuntu,systemd[1164]:, Closed debconf communication socket.
6,3,1635320993,ubuntu,systemd[1164]:, pulseaudio.socket: Succeeded.
6,3,1635320993,ubuntu,systemd[1164]:, Closed Sound System.
6,3,1635320993,ubuntu,systemd[1164]:, snapd.session-agent.socket: Succeeded.
6,3,1635320993,ubuntu,systemd[1164]:, Closed REST API socket for snapd user session agent.
6,3,1635320993,ubuntu,systemd[1164]:, Reached target Shutdown.
6,3,1635320993,ubuntu,systemd[1164]:, systemd-exit.service: Succeeded.
6,3,1635320993,ubuntu,systemd[1164]:, Finished Exit the Session.
6,3,1635320993,ubuntu,systemd[1164]:, Reached target Exit the Session.
6,3,1635320993,ubuntu,systemd[1]:, user@125.service: Succeeded.
6,3,1635320993,ubuntu,systemd[1]:, Stopped User Manager for UID 125.
6,3,1635320993,ubuntu,systemd[1]:, Stopping User Runtime Directory /run/user/125...
6,3,1635320993,ubuntu,systemd[2399]:, run-user-125.mount: Succeeded.
6,3,1635320993,ubuntu,systemd[1]:, run-user-125.mount: Succeeded.
6,3,1635320993,ubuntu,systemd[1]:, user-runtime-dir@125.service: Succeeded.
6,3,1635320993,ubuntu,systemd[1]:, Stopped User Runtime Directory /run/user/125.
6,3,1635320993,ubuntu,systemd[1]:, Removed slice User Slice of UID 125.
6,0,1635320993,ubuntu,kernel:, [   58.460083] perf: interrupt took too long (6371 > 6366), lowering kernel.perf_event_max_sample_rate to 31250
6,3,1635320999,ubuntu,dbus-daemon[2414]:, [session uid=1000 pid=2414] Activating via systemd: service name='org.gnome.Terminal' unit='gnome-terminal-server.service' requested by ':1.66' (uid=1000 pid=3998 comm="/usr/bin/gnome-terminal.real " label="unconfined")
6,3,1635320999,ubuntu,systemd[2399]:, Created slice apps.slice.
6,3,1635320999,ubuntu,systemd[2399]:, Created slice apps-org.gnome.Terminal.slice.
6,3,1635320999,ubuntu,systemd[2399]:, Starting GNOME Terminal Server...
6,3,1635320999,ubuntu,dbus-daemon[2414]:, [session uid=1000 pid=2414] Successfully activated service 'org.gnome.Terminal'
6,3,1635320999,ubuntu,systemd[2399]:, Started GNOME Terminal Server.
6,3,1635320999,ubuntu,systemd[2399]:, Started VTE child process 4019 launched by gnome-terminal-server process 4001.
6,3,1635321000,ubuntu,systemd[1]:, systemd-localed.service: Succeeded.
6,3,1635321000,ubuntu,systemd[1]:, systemd-hostnamed.service: Succeeded.
6,3,1635321001,ubuntu,tracker-store[2513]:, OK
6,3,1635321001,ubuntu,systemd[2399]:, tracker-store.service: Succeeded.
6,3,1635321002,ubuntu,gnome-shell[2664]:, Window manager warning: Overwriting existing binding of keysym 31 with keysym 31 (keycode a).
6,3,1635321002,ubuntu,gnome-shell[2664]:, Window manager warning: Overwriting existing binding of keysym 32 with keysym 32 (keycode b).
6,3,1635321002,ubuntu,gnome-shell[2664]:, Window manager warning: Overwriting existing binding of keysym 38 with keysym 38 (keycode 11).
6,3,1635321002,ubuntu,gnome-shell[2664]:, Window manager warning: Overwriting existing binding of keysym 39 with keysym 39 (keycode 12).
6,3,1635321002,ubuntu,gnome-shell[2664]:, Window manager warning: Overwriting existing binding of keysym 33 with keysym 33 (keycode c).
6,3,1635321002,ubuntu,gnome-shell[2664]:, Window manager warning: Overwriting existing binding of keysym 34 with keysym 34 (keycode d).
6,3,1635321002,ubuntu,gnome-shell[2664]:, Window manager warning: Overwriting existing binding of keysym 36 with keysym 36 (keycode f).
6,3,1635321002,ubuntu,gnome-shell[2664]:, Window manager warning: Overwriting existing binding of keysym 35 with keysym 35 (keycode e).
6,3,1635321002,ubuntu,gnome-shell[2664]:, Window manager warning: Overwriting existing binding of keysym 37 with keysym 37 (keycode 10).
5,1,1635321009,ubuntu,geoclue[1900]:, Service not used for 60 seconds. Shutting down..
6,3,1635321009,ubuntu,systemd[1]:, geoclue.service: Succeeded.
6,0,1635321011,ubuntu,kernel:, [   76.737476] perf: interrupt took too long (7991 > 7963), lowering kernel.perf_event_max_sample_rate to 25000
5,1,1635321029,ubuntu,vboxdrv.sh:, VirtualBox kernel modules built.
4,0,1635321029,ubuntu,kernel:, [   95.299789] vboxdrv: loading out-of-tree module taints kernel.
5,0,1635321029,ubuntu,kernel:, [   95.300085] vboxdrv: module verification failed: signature and/or required key missing - tainting kernel
7,0,1635321029,ubuntu,kernel:, [   95.307583] vboxdrv: Found 2 processor cores
6,0,1635321029,ubuntu,kernel:, [   95.340627] vboxdrv: TSC mode is Invariant, tentative frequency 2891423471 Hz
7,0,1635321029,ubuntu,kernel:, [   95.340632] vboxdrv: Successfully loaded version 6.1.26 r145957 (interface 0x00300000)
4,0,1635321030,ubuntu,kernel:, [   95.544919] VBoxNetFlt: Successfully started.
4,0,1635321030,ubuntu,kernel:, [   95.546910] VBoxNetAdp: Successfully started.
5,1,1635321030,ubuntu,vboxdrv.sh:, VirtualBox services started.
6,3,1635321030,ubuntu,systemd[1]:, Started VirtualBox Linux kernel module.
6,3,1635321030,ubuntu,systemd[1]:, Starting vboxautostart-service.service...
6,3,1635321030,ubuntu,systemd[1]:, Starting vboxballoonctrl-service.service...
6,3,1635321030,ubuntu,systemd[1]:, Starting vboxweb-service.service...
6,3,1635321030,ubuntu,systemd[1]:, Started vboxautostart-service.service.
6,3,1635321030,ubuntu,systemd[1]:, Started vboxweb-service.service.
6,3,1635321030,ubuntu,systemd[1]:, Started vboxballoonctrl-service.service.
6,3,1635321030,ubuntu,systemd[1]:, Reached target Multi-User System.
6,3,1635321030,ubuntu,systemd[1]:, Reached target Graphical Interface.
6,3,1635321030,ubuntu,systemd[1]:, Starting Update UTMP about System Runlevel Changes...
6,3,1635321030,ubuntu,systemd[1]:, systemd-update-utmp-runlevel.service: Succeeded.
6,3,1635321030,ubuntu,systemd[1]:, Finished Update UTMP about System Runlevel Changes.
6,3,1635321030,ubuntu,systemd[1]:, Startup finished in 3.191s (kernel) + 1min 32.643s (userspace) = 1min 35.835s.
6,3,1635321030,ubuntu,dbus-daemon[2414]:, [session uid=1000 pid=2414] Activating via systemd: service name='org.gtk.vfs.Metadata' unit='gvfs-metadata.service' requested by ':1.26' (uid=1000 pid=2664 comm="/usr/bin/gnome-shell " label="unconfined")
6,3,1635321030,ubuntu,systemd[2399]:, Starting Virtual filesystem metadata service...
6,3,1635321030,ubuntu,dbus-daemon[2414]:, [session uid=1000 pid=2414] Successfully activated service 'org.gtk.vfs.Metadata'
6,3,1635321030,ubuntu,systemd[2399]:, Started Virtual filesystem metadata service.
6,10,1635321043,ubuntu,pkexec:, pam_unix(polkit-1:session): session opened for user root by (uid=1000)
5,10,1635321043,ubuntu,pkexec[7075]:, wintltr: Executing command [USER=root] [TTY=unknown] [CWD=/home/wintltr] [COMMAND=/usr/lib/update-notifier/package-system-locked]
6,0,1635321052,ubuntu,kernel:, [  118.115393] perf: interrupt took too long (10012 > 9988), lowering kernel.perf_event_max_sample_rate to 19750
5,10,1635321071,ubuntu,polkitd(authority=local):, Registered Authentication Agent for unix-process:7093:13757 (system bus name :1.105 [/usr/bin/pkttyagent --notify-fd 5 --fallback], object path /org/freedesktop/PolicyKit1/AuthenticationAgent, locale en_US.UTF-8)
5,10,1635321077,ubuntu,polkitd(authority=local):, Operator of unix-session:3 successfully authenticated as unix-user:wintltr to gain TEMPORARY authorization for action org.freedesktop.systemd1.manage-units for system-bus-name::1.106 [systemctl restart rsyslog] (owned by unix-user:wintltr)
6,3,1635321077,ubuntu,systemd[1]:, Stopping System Logging Service...
6,5,1635321077,ubuntu,rsyslogd:, [origin software="rsyslogd" swVersion="8.2001.0" x-pid="951" x-info="https://www.rsyslog.com"] exiting on signal 15.
6,3,1635321077,ubuntu,systemd[1]:, rsyslog.service: Succeeded.
6,3,1635321077,ubuntu,systemd[1]:, Stopped System Logging Service.
6,3,1635321077,ubuntu,systemd[1]:, Starting System Logging Service...
6,5,1635321077,ubuntu,rsyslogd:, imuxsock: Acquired UNIX socket '/run/systemd/journal/syslog' (fd 3) from systemd.  [v8.2001.0]
6,5,1635321077,ubuntu,rsyslogd:, rsyslogd's groupid changed to 110
6,5,1635321077,ubuntu,rsyslogd:, rsyslogd's userid changed to 104
6,5,1635321077,ubuntu,rsyslogd:, [origin software="rsyslogd" swVersion="8.2001.0" x-pid="7105" x-info="https://www.rsyslog.com"] start
6,3,1635321077,ubuntu,systemd[1]:, Started System Logging Service.
5,10,1635321077,ubuntu,polkitd(authority=local):, Unregistered Authentication Agent for unix-process:7093:13757 (system bus name :1.105, object path /org/freedesktop/PolicyKit1/AuthenticationAgent, locale en_US.UTF-8) (disconnected from bus)
6,10,1635321150,ubuntu,CRON[928]:, pam_unix(cron:session): session closed for user wintltr
7,3,1635321274,ubuntu,PackageKit:, daemon quit
6,3,1635321274,ubuntu,systemd[1]:, packagekit.service: Succeeded.
6,0,1635321297,ubuntu,kernel:, [  363.042065] perf: interrupt took too long (12524 > 12515), lowering kernel.perf_event_max_sample_rate to 15750
6,3,1635321500,ubuntu,dbus-daemon[922]:, [system] Activating via systemd: service name='net.reactivated.Fprint' unit='fprintd.service' requested by ':1.80' (uid=1000 pid=2664 comm="/usr/bin/gnome-shell " label="unconfined")
6,3,1635321500,ubuntu,systemd[1]:, Starting Fingerprint Authentication Daemon...
6,3,1635321501,ubuntu,dbus-daemon[922]:, [system] Successfully activated service 'net.reactivated.Fprint'
6,3,1635321501,ubuntu,systemd[1]:, Started Fingerprint Authentication Daemon.
5,10,1635321501,ubuntu,gdm-password]:, pam_unix(gdm-password:auth): Couldn't open /etc/securetty: No such file or directory
5,10,1635321504,ubuntu,gdm-password]:, pam_unix(gdm-password:auth): Couldn't open /etc/securetty: No such file or directory
5,10,1635321504,ubuntu,gdm-password]:, pam_unix(gdm-password:auth): authentication failure; logname= uid=0 euid=0 tty=/dev/tty1 ruser= rhost=  user=wintltr
5,10,1635321508,ubuntu,gdm-password]:, pam_unix(gdm-password:auth): Couldn't open /etc/securetty: No such file or directory
6,3,1635321531,ubuntu,systemd[1]:, fprintd.service: Succeeded.
5,10,1635321539,ubuntu,gdm-password]:, pam_unix(gdm-password:auth): Couldn't open /etc/securetty: No such file or directory
6,10,1635321539,ubuntu,gdm-password]:, gkr-pam: unlocked login keyring
6,3,1635321539,ubuntu,dbus-daemon[922]:, [system] Activating via systemd: service name='net.reactivated.Fprint' unit='fprintd.service' requested by ':1.80' (uid=1000 pid=2664 comm="/usr/bin/gnome-shell " label="unconfined")
6,3,1635321539,ubuntu,systemd[1]:, Starting Fingerprint Authentication Daemon...
6,3,1635321539,ubuntu,dbus-daemon[922]:, [system] Successfully activated service 'net.reactivated.Fprint'
6,3,1635321539,ubuntu,systemd[1]:, Started Fingerprint Authentication Daemon.
6,3,1635321539,ubuntu,NetworkManager[923]:, <info>  [1635321539.6955] agent-manager: agent[04d862e3128bb454,:1.80/org.gnome.Shell.NetworkAgent/1000]: agent registered
6,3,1635321539,ubuntu,dbus-daemon[2414]:, [session uid=1000 pid=2414] Activating service name='org.freedesktop.FileManager1' requested by ':1.26' (uid=1000 pid=2664 comm="/usr/bin/gnome-shell " label="unconfined")
6,3,1635321539,ubuntu,dbus-daemon[2414]:, [session uid=1000 pid=2414] Activating service name='org.gnome.Nautilus' requested by ':1.26' (uid=1000 pid=2664 comm="/usr/bin/gnome-shell " label="unconfined")
6,3,1635321540,ubuntu,dbus-daemon[2414]:, [session uid=1000 pid=2414] Successfully activated service 'org.gnome.Nautilus'
4,1,1635321540,ubuntu,org.gnome.Nautilus[7187]:, Failed to register: Unable to acquire bus name 'org.gnome.Nautilus'
6,3,1635321540,ubuntu,dbus-daemon[2414]:, [session uid=1000 pid=2414] Successfully activated service 'org.freedesktop.FileManager1'
6,3,1635321540,ubuntu,gnome-shell[2664]:, Window manager warning: Overwriting existing binding of keysym 31 with keysym 31 (keycode a).
6,3,1635321540,ubuntu,gnome-shell[2664]:, Window manager warning: Overwriting existing binding of keysym 32 with keysym 32 (keycode b).
6,3,1635321540,ubuntu,gnome-shell[2664]:, Window manager warning: Overwriting existing binding of keysym 33 with keysym 33 (keycode c).
6,3,1635321540,ubuntu,gnome-shell[2664]:, Window manager warning: Overwriting existing binding of keysym 34 with keysym 34 (keycode d).
6,3,1635321540,ubuntu,gnome-shell[2664]:, Window manager warning: Overwriting existing binding of keysym 35 with keysym 35 (keycode e).
6,3,1635321540,ubuntu,gnome-shell[2664]:, Window manager warning: Overwriting existing binding of keysym 38 with keysym 38 (keycode 11).
6,3,1635321540,ubuntu,gnome-shell[2664]:, Window manager warning: Overwriting existing binding of keysym 39 with keysym 39 (keycode 12).
6,3,1635321540,ubuntu,gnome-shell[2664]:, Window manager warning: Overwriting existing binding of keysym 36 with keysym 36 (keycode f).
6,3,1635321540,ubuntu,gnome-shell[2664]:, Window manager warning: Overwriting existing binding of keysym 37 with keysym 37 (keycode 10).
6,3,1635321542,ubuntu,systemd[2399]:, vte-spawn-faffc79f-1a96-4452-b388-7a2a6d995b09.scope: Succeeded.
6,3,1635321542,ubuntu,systemd[2399]:, gnome-terminal-server.service: Succeeded.
6,3,1635321544,ubuntu,dbus-daemon[922]:, [system] Activating via systemd: service name='org.freedesktop.PackageKit' unit='packagekit.service' requested by ':1.80' (uid=1000 pid=2664 comm="/usr/bin/gnome-shell " label="unconfined")
6,3,1635321544,ubuntu,systemd[1]:, Starting PackageKit Daemon...
7,3,1635321544,ubuntu,PackageKit:, daemon start
6,3,1635321544,ubuntu,dbus-daemon[922]:, [system] Successfully activated service 'org.freedesktop.PackageKit'
6,3,1635321544,ubuntu,systemd[1]:, Started PackageKit Daemon.
5,1,1635321544,ubuntu,gnome-shell[2664]:, endSessionDialog: No XDG_SESSION_ID, fetched from logind: 3
6,3,1635321545,ubuntu,systemd[2399]:, Stopped target GNOME Wacom handling.
6,3,1635321545,ubuntu,systemd[2399]:, Stopped target GNOME Freedesktop screensaver handling.
6,3,1635321545,ubuntu,systemd[2399]:, gsd-wacom.service: Succeeded.
6,3,1635321545,ubuntu,systemd[2399]:, Stopped GNOME Wacom handling.
6,3,1635321545,ubuntu,systemd[2399]:, gsd-screensaver-proxy.service: Succeeded.
6,3,1635321545,ubuntu,systemd[2399]:, Stopped GNOME Freedesktop screensaver handling.
6,3,1635321545,ubuntu,systemd[2399]:, Stopped target GNOME XSettings.
6,3,1635321545,ubuntu,systemd[2399]:, Stopped target GNOME Maintenance of expirable data.
6,3,1635321545,ubuntu,systemd[2399]:, gsd-print-notifications.service: Succeeded.
6,3,1635321545,ubuntu,systemd[2399]:, gsd-sharing.service: Succeeded.
6,3,1635321545,ubuntu,systemd[2399]:, gsd-xsettings.service: Succeeded.
6,3,1635321545,ubuntu,systemd[2399]:, Stopped GNOME XSettings.
6,3,1635321545,ubuntu,systemd[2399]:, Stopped target GNOME Printer notifications.
6,3,1635321545,ubuntu,systemd[2399]:, Stopped target GNOME Sharing handling.
6,3,1635321545,ubuntu,systemd[2399]:, gsd-housekeeping.service: Succeeded.
6,3,1635321545,ubuntu,systemd[2399]:, Stopped GNOME Maintenance of expirable data.
6,3,1635321545,ubuntu,systemd[2399]:, Stopped target GNOME USB protection handling.
6,3,1635321545,ubuntu,systemd[2399]:, Stopped target GNOME Accessibility settings.
6,3,1635321545,ubuntu,systemd[2399]:, gsd-a11y-settings.service: Succeeded.
6,3,1635321545,ubuntu,systemd[2399]:, Stopped GNOME Accessibility settings.
6,3,1635321545,ubuntu,systemd[2399]:, gsd-usb-protection.service: Succeeded.
6,3,1635321545,ubuntu,systemd[2399]:, Stopped GNOME USB protection handling.
6,3,1635321545,ubuntu,systemd[2399]:, Stopped target GNOME Date & Time handling.
6,3,1635321545,ubuntu,systemd[2399]:, at-spi-dbus-bus.service: Succeeded.
6,3,1635321545,ubuntu,systemd[2399]:, gsd-datetime.service: Succeeded.
6,3,1635321545,ubuntu,systemd[2399]:, Stopped GNOME Date & Time handling.
6,3,1635321545,ubuntu,systemd[2399]:, Stopped target GNOME RFKill handling.
7,0,1635321545,ubuntu,kernel:, [  611.253665] rfkill: input handler enabled
6,3,1635321545,ubuntu,systemd[2399]:, gsd-rfkill.service: Succeeded.
6,3,1635321545,ubuntu,systemd[2399]:, Stopped GNOME RFKill handling.
6,3,1635321545,ubuntu,systemd[2399]:, Stopped target GNOME Smartcard handling.
6,3,1635321545,ubuntu,systemd[2399]:, Stopped target GNOME WWan management.
6,3,1635321545,ubuntu,systemd[2399]:, gsd-smartcard.service: Succeeded.
6,3,1635321545,ubuntu,systemd[2399]:, Stopped GNOME Smartcard handling.
6,3,1635321545,ubuntu,systemd[2399]:, gsd-wwan.service: Succeeded.
6,3,1635321545,ubuntu,systemd[2399]:, Stopped GNOME WWan management.
6,3,1635321545,ubuntu,systemd[2399]:, gsd-keyboard.service: Succeeded.
6,3,1635321545,ubuntu,systemd[2399]:, Stopped GNOME Keyboard handling.
6,3,1635321545,ubuntu,systemd[2399]:, Stopped target GNOME Keyboard handling.
5,4,1635321545,ubuntu,systemd-logind[958]:, System is powering down.
6,3,1635321545,ubuntu,systemd[2399]:, gsd-power.service: Succeeded.
6,3,1635321545,ubuntu,systemd[2399]:, Stopped target GNOME Power management handling.
6,3,1635321545,ubuntu,systemd[2399]:, Stopped target GNOME Sound sample caching handling.
6,3,1635321545,ubuntu,systemd[2399]:, Stopped target GNOME Media keys handling.
6,3,1635321545,ubuntu,systemd[2399]:, Stopped target GNOME Color management.
6,3,1635321545,ubuntu,systemd[2399]:, gsd-sound.service: Succeeded.
6,3,1635321545,ubuntu,systemd[2399]:, Stopped GNOME Sound sample caching handling.
6,3,1635321545,ubuntu,systemd[2399]:, gsd-color.service: Succeeded.
6,3,1635321545,ubuntu,systemd[2399]:, Stopped GNOME Color management.
6,3,1635321545,ubuntu,systemd[2399]:, gsd-media-keys.service: Succeeded.
6,3,1635321545,ubuntu,systemd[2399]:, Stopped GNOME Media keys handling.
6,3,1635321545,ubuntu,systemd[1]:, unattended-upgrades.service: Succeeded.
6,3,1635321545,ubuntu,systemd[2399]:, Stopped target GNOME X11 Session (session: ubuntu).
6,3,1635321545,ubuntu,systemd[2399]:, Stopped target Current graphical user session.
6,3,1635321545,ubuntu,systemd[2399]:, unicast-local-avahi.path: Succeeded.
6,3,1635321545,ubuntu,systemd[2399]:, Stopped Path trigger for Avahi .local domain notifications.
6,3,1635321545,ubuntu,systemd[2399]:, update-notifier-crash.path: Succeeded.
6,3,1635321545,ubuntu,systemd[2399]:, Stopped Path trigger for Apport crash notifications.
6,3,1635321545,ubuntu,systemd[2399]:, update-notifier-release.path: Succeeded.
6,3,1635321545,ubuntu,systemd[1]:, Stopped Unattended Upgrades Shutdown.
6,3,1635321545,ubuntu,systemd[1]:, Stopping Session 3 of user wintltr.
6,3,1635321545,ubuntu,systemd[2399]:, Stopped Path trigger for new release of Ubuntu notifications.
6,3,1635321545,ubuntu,systemd[2399]:, Stopped target GNOME Session.
6,3,1635321545,ubuntu,systemd[2399]:, Stopped target GNOME session X11 services.
6,3,1635321545,ubuntu,systemd[2399]:, Stopped target GNOME X11 Session.
6,3,1635321545,ubuntu,systemd[2399]:, Stopped target GNOME Session (session: ubuntu).
6,3,1635321545,ubuntu,systemd[2399]:, Stopped target GNOME Session is initialized.
6,3,1635321545,ubuntu,systemd[2399]:, Stopped target GNOME Shell on X11.
6,3,1635321545,ubuntu,systemd[2399]:, Stopping GNOME Shell on X11...
5,1,1635321545,ubuntu,nautilus[7181]:, org.gnome.Nautilus: Fatal IO error 11 (Resource temporarily unavailable) on X server :0.
4,1,1635321545,ubuntu,/usr/lib/gdm3/gdm-x-session[2454, (**) Option "fd" "24"
6,3,1635321545,ubuntu,systemd[2399]:, gnome-session-monitor.service: Succeeded.
6,3,1635321545,ubuntu,systemd[2399]:, Stopped Monitor Session leader for GNOME Session.
6,3,1635321545,ubuntu,systemd[1]:, Removed slice system-getty.slice.
4,1,1635321545,ubuntu,/usr/lib/gdm3/gdm-x-session[2454, (II) event0  - Power Button: device removed
4,1,1635321545,ubuntu,/usr/lib/gdm3/gdm-x-session[2454, (**) Option "fd" "27"
4,1,1635321545,ubuntu,/usr/lib/gdm3/gdm-x-session[2454, (II) event4  - VMware VMware Virtual USB Mouse: device removed
4,1,1635321545,ubuntu,/usr/lib/gdm3/gdm-x-session[2454, (**) Option "fd" "28"
6,3,1635321545,ubuntu,systemd[1]:, Removed slice system-modprobe.slice.
4,1,1635321545,ubuntu,/usr/lib/gdm3/gdm-x-session[2454, (II) event1  - AT Translated Set 2 keyboard: device removed
6,3,1635321545,ubuntu,systemd[1]:, Removed slice system-postfix.slice.
6,3,1635321545,ubuntu,systemd[1]:, Stopped target Bluetooth.
6,3,1635321545,ubuntu,systemd[1]:, Stopped target Graphical Interface.
6,3,1635321545,ubuntu,systemd[1]:, Stopped target Multi-User System.
6,3,1635321545,ubuntu,systemd[1]:, Stopped target Login Prompts.
6,3,1635321545,ubuntu,systemd[1]:, Stopped target Sound Card.
6,3,1635321545,ubuntu,systemd[1]:, Stopped target Timers.
6,3,1635321545,ubuntu,systemd[1]:, anacron.timer: Succeeded.
6,3,1635321545,ubuntu,systemd[1]:, Stopped Trigger anacron every hour.
6,3,1635321545,ubuntu,systemd[1]:, apt-daily-upgrade.timer: Succeeded.
6,3,1635321545,ubuntu,systemd[1]:, Stopped Daily apt upgrade and clean activities.
6,3,1635321545,ubuntu,systemd[1]:, apt-daily.timer: Succeeded.
6,3,1635321545,ubuntu,systemd[1]:, Stopped Daily apt download activities.
6,3,1635321545,ubuntu,systemd[1]:, e2scrub_all.timer: Succeeded.
6,3,1635321545,ubuntu,systemd[1]:, Stopped Periodic ext4 Online Metadata Check for All Filesystems.
6,3,1635321545,ubuntu,systemd[1]:, fstrim.timer: Succeeded.
6,3,1635321545,ubuntu,systemd[1]:, Stopped Discard unused blocks once a week.
6,3,1635321545,ubuntu,systemd[1]:, fwupd-refresh.timer: Succeeded.
6,3,1635321545,ubuntu,systemd[1]:, Stopped Refresh fwupd metadata regularly.
6,3,1635321545,ubuntu,systemd[1]:, logrotate.timer: Succeeded.
6,3,1635321545,ubuntu,systemd[1]:, Stopped Daily rotation of log files.
6,3,1635321545,ubuntu,systemd[1]:, man-db.timer: Succeeded.
6,3,1635321545,ubuntu,systemd[1]:, Stopped Daily man-db regeneration.
6,3,1635321545,ubuntu,systemd[1]:, motd-news.timer: Succeeded.
6,3,1635321545,ubuntu,systemd[1]:, Stopped Message of the Day.
4,1,1635321545,ubuntu,/usr/lib/gdm3/gdm-x-session[2454, (**) Option "fd" "29"
4,1,1635321545,ubuntu,/usr/lib/gdm3/gdm-x-session[2454, (II) event3  - VirtualPS/2 VMware VMMouse: device removed
4,1,1635321545,ubuntu,/usr/lib/gdm3/gdm-x-session[2454, (**) Option "fd" "30"
4,1,1635321545,ubuntu,/usr/lib/gdm3/gdm-x-session[2454, (II) event2  - VirtualPS/2 VMware VMMouse: device removed
4,1,1635321545,ubuntu,/usr/lib/gdm3/gdm-x-session[2454, (II) UnloadModule: "libinput"
4,1,1635321545,ubuntu,/usr/lib/gdm3/gdm-x-session[2454, (II) systemd-logind: releasing fd for 13:66
6,3,1635321545,ubuntu,systemd[1]:, systemd-tmpfiles-clean.timer: Succeeded.
6,3,1635321545,ubuntu,systemd[1]:, Stopped Daily Cleanup of Temporary Directories.
6,3,1635321545,ubuntu,systemd[1]:, systemd-rfkill.socket: Succeeded.
6,3,1635321545,ubuntu,systemd[1]:, Closed Load/Save RF Kill Switch Status /dev/rfkill Watch.
6,3,1635321545,ubuntu,ModemManager[1021]:, <info>  Caught signal, shutting down...
6,3,1635321545,ubuntu,systemd[1]:, Stopping Modem Manager...
6,3,1635321545,ubuntu,NetworkManager[923]:, <info>  [1635321545.8429] modem-manager: ModemManager no longer available
6,3,1635321545,ubuntu,systemd[2399]:, gnome-session-manager@ubuntu.service: Succeeded.
6,3,1635321545,ubuntu,systemd[2399]:, Stopped GNOME Session Manager (session: ubuntu).
6,3,1635321545,ubuntu,systemd[1]:, Stopping Accounts Service...
6,3,1635321545,ubuntu,ModemManager[1021]:, <info>  ModemManager is shut down
6,3,1635321545,ubuntu,systemd[1]:, Stopping ACPI event daemon...
6,3,1635321545,ubuntu,systemd[1]:, Stopping Save/Restore Sound Card State...
6,3,1635321545,ubuntu,systemd[1]:, Stopping AnyDesk...
6,3,1635321545,ubuntu,systemd[1]:, Stopping The Apache HTTP Server...
6,3,1635321545,ubuntu,systemd[1]:, Stopping LSB: automatic crash report generation...
6,3,1635321545,ubuntu,bluetoothd[915]:, Terminating
6,3,1635321545,ubuntu,bluetoothd[915]:, Endpoint unregistered: sender=:1.76 path=/MediaEndpoint/A2DPSink/sbc
6,3,1635321545,ubuntu,systemd[1]:, Stopping Bluetooth service...
6,3,1635321545,ubuntu,bluetoothd[915]:, Endpoint unregistered: sender=:1.76 path=/MediaEndpoint/A2DPSource/sbc
5,1,1635321545,ubuntu,gnome-shell[2664]:, gnome-shell: Fatal IO error 0 (Success) on X server :0.
6,3,1635321545,ubuntu,systemd[1]:, Stopping Manage, Install and Generate Color Profiles...
6,3,1635321545,ubuntu,systemd[1]:, Stopping Regular background program processing daemon...
6,3,1635321545,ubuntu,systemd[1]:, Stopping Make remote CUPS printers available locally...
6,3,1635321545,ubuntu,systemd[1]:, Stopping Fingerprint Authentication Daemon...
6,3,1635321545,ubuntu,systemd[1]:, Stopping GNOME Display Manager...
6,3,1635321545,ubuntu,systemd[1]:, Stopping LSB: Record successful boot for GRUB...
6,3,1635321545,ubuntu,bluetoothd[915]:, Stopping SDP server
6,3,1635321545,ubuntu,bluetoothd[915]:, Exit
6,3,1635321545,ubuntu,systemd[1]:, Stopping LSB: GNU Network Utilities syslog daemon...
5,4,1635321545,ubuntu,dbus-daemon[922]:, [system] Rejected send message, 0 matched rules; type="error", sender=":1.76" (uid=1000 pid=2406 comm="/usr/bin/pulseaudio --daemonize=no --log-target=jo" label="unconfined") interface="(unset)" member="(unset)" error name="org.freedesktop.DBus.Error.UnknownMethod" requested_reply="0" destination=":1.4" (uid=0 pid=915 comm="/usr/lib/bluetooth/bluetoothd " label="unconfined")
5,4,1635321545,ubuntu,dbus-daemon[922]:, [system] Rejected send message, 0 matched rules; type="error", sender=":1.76" (uid=1000 pid=2406 comm="/usr/bin/pulseaudio --daemonize=no --log-target=jo" label="unconfined") interface="(unset)" member="(unset)" error name="org.freedesktop.DBus.Error.UnknownMethod" requested_reply="0" destination=":1.4" (uid=0 pid=915 comm="/usr/lib/bluetooth/bluetoothd " label="unconfined")
6,3,1635321545,ubuntu,systemd[1]:, Stopping irqbalance daemon...
6,3,1635321545,ubuntu,systemd[1]:, Stopping Tool to automatically collect and submit kernel crash signatures...
6,3,1635321545,ubuntu,systemd[1]:, Stopping Dispatcher daemon for systemd-networkd...
6,3,1635321545,ubuntu,systemd[1]:, openvpn.service: Succeeded.
6,3,1635321545,ubuntu,systemd[1]:, Stopped OpenVPN service.
6,3,1635321545,ubuntu,systemd[1]:, Stopping LSB: Start and stop OSSEC HIDS...
6,3,1635321545,ubuntu,systemd[1]:, Stopping PackageKit Daemon...
6,3,1635321545,ubuntu,systemd[1]:, Stopping System Logging Service...
